<testsuites id="" name="" tests="164" failures="163" skipped="1" errors="0" time="402.57342700000004">
<testsuite name="alex-scenarios.spec.ts" timestamp="2026-03-04T03:13:29.305Z" hostname="chromium" tests="24" failures="24" skipped="0" time="244.415" errors="0">
<testcase name="Alex Persona - E2E Scenarios › Suite A: Morning Chaos › A.1 Quick Capture: manual text input in Brain Dump" classname="alex-scenarios.spec.ts" time="13.745">
<failure message="alex-scenarios.spec.ts:32:9 A.1 Quick Capture: manual text input in Brain Dump" type="FAILURE">
<![CDATA[  [chromium] › alex-scenarios.spec.ts:32:9 › Alex Persona - E2E Scenarios › Suite A: Morning Chaos › A.1 Quick Capture: manual text input in Brain Dump 

    Error: expect(locator).toBeVisible() failed

    Locator: getByTestId('home-title')
    Expected: visible
    Timeout: 5000ms
    Error: element(s) not found

    Call log:
      - Expect "toBeVisible" with timeout 5000ms
      - waiting for getByTestId('home-title')


      26 |     await seedAlexPersona(page);
      27 |     await page.goto('/');
    > 28 |     await expect(page.getByTestId('home-title')).toBeVisible();
         |                                                  ^
      29 |   });
      30 |
      31 |   test.describe('Suite A: Morning Chaos', () => {
        at C:\Users\Steve\OneDrive\Desktop\Github Repos\ADHD-CADDI-V1\e2e\alex-scenarios.spec.ts:28:50

    attachment #1: screenshot (image/png) ──────────────────────────────────────────────────────────
    ..\test-results\alex-scenarios-Alex-Person-ab57e-al-text-input-in-Brain-Dump-chromium\test-failed-1.png
    ────────────────────────────────────────────────────────────────────────────────────────────────
]]>
</failure>
<system-out>
<![CDATA[BROWSER CONSOLE: [webpack-dev-server] Server started: Hot Module Replacement enabled, Live Reloading enabled, Progress disabled, Overlay enabled.
BROWSER CONSOLE: [HMR] Waiting for update signal from WDS...
BROWSER CONSOLE: %cDownload the React DevTools for a better development experience: https://reactjs.org/link/react-devtools font-weight:bold
BROWSER CONSOLE: "shadow*" style props are deprecated. Use "boxShadow".
BROWSER CONSOLE: The global process.env.EXPO_OS is not defined. This should be inlined by babel-preset-expo during transformation.
BROWSER PAGE ERROR: Missing required parameter `platform`

[[ATTACHMENT|test-results\alex-scenarios-Alex-Person-ab57e-al-text-input-in-Brain-Dump-chromium\test-failed-1.png]]
]]>
</system-out>
</testcase>
<testcase name="Alex Persona - E2E Scenarios › Suite A: Morning Chaos › A.2 Voice Input Simulation: UI flow of recording" classname="alex-scenarios.spec.ts" time="13.901">
<failure message="alex-scenarios.spec.ts:46:9 A.2 Voice Input Simulation: UI flow of recording" type="FAILURE">
<![CDATA[  [chromium] › alex-scenarios.spec.ts:46:9 › Alex Persona - E2E Scenarios › Suite A: Morning Chaos › A.2 Voice Input Simulation: UI flow of recording 

    Error: expect(locator).toBeVisible() failed

    Locator: getByTestId('home-title')
    Expected: visible
    Timeout: 5000ms
    Error: element(s) not found

    Call log:
      - Expect "toBeVisible" with timeout 5000ms
      - waiting for getByTestId('home-title')


      26 |     await seedAlexPersona(page);
      27 |     await page.goto('/');
    > 28 |     await expect(page.getByTestId('home-title')).toBeVisible();
         |                                                  ^
      29 |   });
      30 |
      31 |   test.describe('Suite A: Morning Chaos', () => {
        at C:\Users\Steve\OneDrive\Desktop\Github Repos\ADHD-CADDI-V1\e2e\alex-scenarios.spec.ts:28:50

    attachment #1: screenshot (image/png) ──────────────────────────────────────────────────────────
    ..\test-results\alex-scenarios-Alex-Person-28d07-lation-UI-flow-of-recording-chromium\test-failed-1.png
    ────────────────────────────────────────────────────────────────────────────────────────────────
]]>
</failure>
<system-out>
<![CDATA[BROWSER CONSOLE: [webpack-dev-server] Server started: Hot Module Replacement enabled, Live Reloading enabled, Progress disabled, Overlay enabled.
BROWSER CONSOLE: [HMR] Waiting for update signal from WDS...
BROWSER CONSOLE: %cDownload the React DevTools for a better development experience: https://reactjs.org/link/react-devtools font-weight:bold
BROWSER CONSOLE: "shadow*" style props are deprecated. Use "boxShadow".
BROWSER CONSOLE: The global process.env.EXPO_OS is not defined. This should be inlined by babel-preset-expo during transformation.
BROWSER PAGE ERROR: Missing required parameter `platform`

[[ATTACHMENT|test-results\alex-scenarios-Alex-Person-28d07-lation-UI-flow-of-recording-chromium\test-failed-1.png]]
]]>
</system-out>
</testcase>
<testcase name="Alex Persona - E2E Scenarios › Suite A: Morning Chaos › A.3 AI Categorization: interaction and UI update" classname="alex-scenarios.spec.ts" time="13.85">
<failure message="alex-scenarios.spec.ts:60:9 A.3 AI Categorization: interaction and UI update" type="FAILURE">
<![CDATA[  [chromium] › alex-scenarios.spec.ts:60:9 › Alex Persona - E2E Scenarios › Suite A: Morning Chaos › A.3 AI Categorization: interaction and UI update 

    Error: expect(locator).toBeVisible() failed

    Locator: getByTestId('home-title')
    Expected: visible
    Timeout: 5000ms
    Error: element(s) not found

    Call log:
      - Expect "toBeVisible" with timeout 5000ms
      - waiting for getByTestId('home-title')


      26 |     await seedAlexPersona(page);
      27 |     await page.goto('/');
    > 28 |     await expect(page.getByTestId('home-title')).toBeVisible();
         |                                                  ^
      29 |   });
      30 |
      31 |   test.describe('Suite A: Morning Chaos', () => {
        at C:\Users\Steve\OneDrive\Desktop\Github Repos\ADHD-CADDI-V1\e2e\alex-scenarios.spec.ts:28:50

    attachment #1: screenshot (image/png) ──────────────────────────────────────────────────────────
    ..\test-results\alex-scenarios-Alex-Person-b5042-n-interaction-and-UI-update-chromium\test-failed-1.png
    ────────────────────────────────────────────────────────────────────────────────────────────────
]]>
</failure>
<system-out>
<![CDATA[BROWSER CONSOLE: [webpack-dev-server] Server started: Hot Module Replacement enabled, Live Reloading enabled, Progress disabled, Overlay enabled.
BROWSER CONSOLE: [HMR] Waiting for update signal from WDS...
BROWSER CONSOLE: %cDownload the React DevTools for a better development experience: https://reactjs.org/link/react-devtools font-weight:bold
BROWSER CONSOLE: "shadow*" style props are deprecated. Use "boxShadow".
BROWSER CONSOLE: The global process.env.EXPO_OS is not defined. This should be inlined by babel-preset-expo during transformation.
BROWSER PAGE ERROR: Missing required parameter `platform`

[[ATTACHMENT|test-results\alex-scenarios-Alex-Person-b5042-n-interaction-and-UI-update-chromium\test-failed-1.png]]
]]>
</system-out>
</testcase>
<testcase name="Alex Persona - E2E Scenarios › Suite A: Morning Chaos › A.4 Data Persistence: items remain after navigation" classname="alex-scenarios.spec.ts" time="13.817">
<failure message="alex-scenarios.spec.ts:74:9 A.4 Data Persistence: items remain after navigation" type="FAILURE">
<![CDATA[  [chromium] › alex-scenarios.spec.ts:74:9 › Alex Persona - E2E Scenarios › Suite A: Morning Chaos › A.4 Data Persistence: items remain after navigation 

    Error: expect(locator).toBeVisible() failed

    Locator: getByTestId('home-title')
    Expected: visible
    Timeout: 5000ms
    Error: element(s) not found

    Call log:
      - Expect "toBeVisible" with timeout 5000ms
      - waiting for getByTestId('home-title')


      26 |     await seedAlexPersona(page);
      27 |     await page.goto('/');
    > 28 |     await expect(page.getByTestId('home-title')).toBeVisible();
         |                                                  ^
      29 |   });
      30 |
      31 |   test.describe('Suite A: Morning Chaos', () => {
        at C:\Users\Steve\OneDrive\Desktop\Github Repos\ADHD-CADDI-V1\e2e\alex-scenarios.spec.ts:28:50

    attachment #1: screenshot (image/png) ──────────────────────────────────────────────────────────
    ..\test-results\alex-scenarios-Alex-Person-e5d15-ems-remain-after-navigation-chromium\test-failed-1.png
    ────────────────────────────────────────────────────────────────────────────────────────────────
]]>
</failure>
<system-out>
<![CDATA[BROWSER CONSOLE: [webpack-dev-server] Server started: Hot Module Replacement enabled, Live Reloading enabled, Progress disabled, Overlay enabled.
BROWSER CONSOLE: [HMR] Waiting for update signal from WDS...
BROWSER CONSOLE: %cDownload the React DevTools for a better development experience: https://reactjs.org/link/react-devtools font-weight:bold
BROWSER CONSOLE: "shadow*" style props are deprecated. Use "boxShadow".
BROWSER CONSOLE: The global process.env.EXPO_OS is not defined. This should be inlined by babel-preset-expo during transformation.
BROWSER PAGE ERROR: Missing required parameter `platform`

[[ATTACHMENT|test-results\alex-scenarios-Alex-Person-e5d15-ems-remain-after-navigation-chromium\test-failed-1.png]]
]]>
</system-out>
</testcase>
<testcase name="Alex Persona - E2E Scenarios › Suite B: Prep Period Black Hole › B.1 Micro-Step Decomposition: breaking large tasks" classname="alex-scenarios.spec.ts" time="13.684">
<failure message="alex-scenarios.spec.ts:88:9 B.1 Micro-Step Decomposition: breaking large tasks" type="FAILURE">
<![CDATA[  [chromium] › alex-scenarios.spec.ts:88:9 › Alex Persona - E2E Scenarios › Suite B: Prep Period Black Hole › B.1 Micro-Step Decomposition: breaking large tasks 

    Error: expect(locator).toBeVisible() failed

    Locator: getByTestId('home-title')
    Expected: visible
    Timeout: 5000ms
    Error: element(s) not found

    Call log:
      - Expect "toBeVisible" with timeout 5000ms
      - waiting for getByTestId('home-title')


      26 |     await seedAlexPersona(page);
      27 |     await page.goto('/');
    > 28 |     await expect(page.getByTestId('home-title')).toBeVisible();
         |                                                  ^
      29 |   });
      30 |
      31 |   test.describe('Suite A: Morning Chaos', () => {
        at C:\Users\Steve\OneDrive\Desktop\Github Repos\ADHD-CADDI-V1\e2e\alex-scenarios.spec.ts:28:50

    attachment #1: screenshot (image/png) ──────────────────────────────────────────────────────────
    ..\test-results\alex-scenarios-Alex-Person-91621-sition-breaking-large-tasks-chromium\test-failed-1.png
    ────────────────────────────────────────────────────────────────────────────────────────────────
]]>
</failure>
<system-out>
<![CDATA[BROWSER CONSOLE: [webpack-dev-server] Server started: Hot Module Replacement enabled, Live Reloading enabled, Progress disabled, Overlay enabled.
BROWSER CONSOLE: [HMR] Waiting for update signal from WDS...
BROWSER CONSOLE: %cDownload the React DevTools for a better development experience: https://reactjs.org/link/react-devtools font-weight:bold
BROWSER CONSOLE: "shadow*" style props are deprecated. Use "boxShadow".
BROWSER CONSOLE: The global process.env.EXPO_OS is not defined. This should be inlined by babel-preset-expo during transformation.
BROWSER PAGE ERROR: Missing required parameter `platform`

[[ATTACHMENT|test-results\alex-scenarios-Alex-Person-91621-sition-breaking-large-tasks-chromium\test-failed-1.png]]
]]>
</system-out>
</testcase>
<testcase name="Alex Persona - E2E Scenarios › Suite B: Prep Period Black Hole › B.2 Deep Focus Launch: Pomodoro from Fog Cutter" classname="alex-scenarios.spec.ts" time="13.554">
<failure message="alex-scenarios.spec.ts:107:9 B.2 Deep Focus Launch: Pomodoro from Fog Cutter" type="FAILURE">
<![CDATA[  [chromium] › alex-scenarios.spec.ts:107:9 › Alex Persona - E2E Scenarios › Suite B: Prep Period Black Hole › B.2 Deep Focus Launch: Pomodoro from Fog Cutter 

    Error: expect(locator).toBeVisible() failed

    Locator: getByTestId('home-title')
    Expected: visible
    Timeout: 5000ms
    Error: element(s) not found

    Call log:
      - Expect "toBeVisible" with timeout 5000ms
      - waiting for getByTestId('home-title')


      26 |     await seedAlexPersona(page);
      27 |     await page.goto('/');
    > 28 |     await expect(page.getByTestId('home-title')).toBeVisible();
         |                                                  ^
      29 |   });
      30 |
      31 |   test.describe('Suite A: Morning Chaos', () => {
        at C:\Users\Steve\OneDrive\Desktop\Github Repos\ADHD-CADDI-V1\e2e\alex-scenarios.spec.ts:28:50

    attachment #1: screenshot (image/png) ──────────────────────────────────────────────────────────
    ..\test-results\alex-scenarios-Alex-Person-dad0e-ch-Pomodoro-from-Fog-Cutter-chromium\test-failed-1.png
    ────────────────────────────────────────────────────────────────────────────────────────────────
]]>
</failure>
<system-out>
<![CDATA[BROWSER CONSOLE: [webpack-dev-server] Server started: Hot Module Replacement enabled, Live Reloading enabled, Progress disabled, Overlay enabled.
BROWSER CONSOLE: [HMR] Waiting for update signal from WDS...
BROWSER CONSOLE: %cDownload the React DevTools for a better development experience: https://reactjs.org/link/react-devtools font-weight:bold
BROWSER CONSOLE: "shadow*" style props are deprecated. Use "boxShadow".
BROWSER CONSOLE: The global process.env.EXPO_OS is not defined. This should be inlined by babel-preset-expo during transformation.
BROWSER PAGE ERROR: Missing required parameter `platform`

[[ATTACHMENT|test-results\alex-scenarios-Alex-Person-dad0e-ch-Pomodoro-from-Fog-Cutter-chromium\test-failed-1.png]]
]]>
</system-out>
</testcase>
<testcase name="Alex Persona - E2E Scenarios › Suite B: Prep Period Black Hole › B.3 Timer Accuracy: decrements and remains active" classname="alex-scenarios.spec.ts" time="13.619">
<failure message="alex-scenarios.spec.ts:116:9 B.3 Timer Accuracy: decrements and remains active" type="FAILURE">
<![CDATA[  [chromium] › alex-scenarios.spec.ts:116:9 › Alex Persona - E2E Scenarios › Suite B: Prep Period Black Hole › B.3 Timer Accuracy: decrements and remains active 

    Error: expect(locator).toBeVisible() failed

    Locator: getByTestId('home-title')
    Expected: visible
    Timeout: 5000ms
    Error: element(s) not found

    Call log:
      - Expect "toBeVisible" with timeout 5000ms
      - waiting for getByTestId('home-title')


      26 |     await seedAlexPersona(page);
      27 |     await page.goto('/');
    > 28 |     await expect(page.getByTestId('home-title')).toBeVisible();
         |                                                  ^
      29 |   });
      30 |
      31 |   test.describe('Suite A: Morning Chaos', () => {
        at C:\Users\Steve\OneDrive\Desktop\Github Repos\ADHD-CADDI-V1\e2e\alex-scenarios.spec.ts:28:50

    attachment #1: screenshot (image/png) ──────────────────────────────────────────────────────────
    ..\test-results\alex-scenarios-Alex-Person-804b3-crements-and-remains-active-chromium\test-failed-1.png
    ────────────────────────────────────────────────────────────────────────────────────────────────
]]>
</failure>
<system-out>
<![CDATA[BROWSER CONSOLE: [webpack-dev-server] Server started: Hot Module Replacement enabled, Live Reloading enabled, Progress disabled, Overlay enabled.
BROWSER CONSOLE: [HMR] Waiting for update signal from WDS...
BROWSER CONSOLE: %cDownload the React DevTools for a better development experience: https://reactjs.org/link/react-devtools font-weight:bold
BROWSER CONSOLE: "shadow*" style props are deprecated. Use "boxShadow".
BROWSER CONSOLE: The global process.env.EXPO_OS is not defined. This should be inlined by babel-preset-expo during transformation.
BROWSER PAGE ERROR: Missing required parameter `platform`

[[ATTACHMENT|test-results\alex-scenarios-Alex-Person-804b3-crements-and-remains-active-chromium\test-failed-1.png]]
]]>
</system-out>
</testcase>
<testcase name="Alex Persona - E2E Scenarios › Suite B: Prep Period Black Hole › B.4 Phase Transition: Break phase trigger" classname="alex-scenarios.spec.ts" time="11.503">
<failure message="alex-scenarios.spec.ts:132:9 B.4 Phase Transition: Break phase trigger" type="FAILURE">
<![CDATA[  [chromium] › alex-scenarios.spec.ts:132:9 › Alex Persona - E2E Scenarios › Suite B: Prep Period Black Hole › B.4 Phase Transition: Break phase trigger 

    Error: expect(locator).toBeVisible() failed

    Locator: getByTestId('home-title')
    Expected: visible
    Timeout: 5000ms
    Error: element(s) not found

    Call log:
      - Expect "toBeVisible" with timeout 5000ms
      - waiting for getByTestId('home-title')


      26 |     await seedAlexPersona(page);
      27 |     await page.goto('/');
    > 28 |     await expect(page.getByTestId('home-title')).toBeVisible();
         |                                                  ^
      29 |   });
      30 |
      31 |   test.describe('Suite A: Morning Chaos', () => {
        at C:\Users\Steve\OneDrive\Desktop\Github Repos\ADHD-CADDI-V1\e2e\alex-scenarios.spec.ts:28:50

    attachment #1: screenshot (image/png) ──────────────────────────────────────────────────────────
    ..\test-results\alex-scenarios-Alex-Person-41aa5-nsition-Break-phase-trigger-chromium\test-failed-1.png
    ────────────────────────────────────────────────────────────────────────────────────────────────
]]>
</failure>
<system-out>
<![CDATA[BROWSER CONSOLE: [webpack-dev-server] Server started: Hot Module Replacement enabled, Live Reloading enabled, Progress disabled, Overlay enabled.
BROWSER CONSOLE: [HMR] Waiting for update signal from WDS...
BROWSER CONSOLE: %cDownload the React DevTools for a better development experience: https://reactjs.org/link/react-devtools font-weight:bold
BROWSER CONSOLE: "shadow*" style props are deprecated. Use "boxShadow".
BROWSER CONSOLE: The global process.env.EXPO_OS is not defined. This should be inlined by babel-preset-expo during transformation.
BROWSER PAGE ERROR: Missing required parameter `platform`

[[ATTACHMENT|test-results\alex-scenarios-Alex-Person-41aa5-nsition-Break-phase-trigger-chromium\test-failed-1.png]]
]]>
</system-out>
</testcase>
<testcase name="Alex Persona - E2E Scenarios › Suite C: After-School Crash › C.1 Holistic Check-in: Mood/Energy check-in" classname="alex-scenarios.spec.ts" time="12.792">
<failure message="alex-scenarios.spec.ts:149:9 C.1 Holistic Check-in: Mood/Energy check-in" type="FAILURE">
<![CDATA[  [chromium] › alex-scenarios.spec.ts:149:9 › Alex Persona - E2E Scenarios › Suite C: After-School Crash › C.1 Holistic Check-in: Mood/Energy check-in 

    Error: expect(locator).toBeVisible() failed

    Locator: getByTestId('home-title')
    Expected: visible
    Timeout: 5000ms
    Error: element(s) not found

    Call log:
      - Expect "toBeVisible" with timeout 5000ms
      - waiting for getByTestId('home-title')


      26 |     await seedAlexPersona(page);
      27 |     await page.goto('/');
    > 28 |     await expect(page.getByTestId('home-title')).toBeVisible();
         |                                                  ^
      29 |   });
      30 |
      31 |   test.describe('Suite A: Morning Chaos', () => {
        at C:\Users\Steve\OneDrive\Desktop\Github Repos\ADHD-CADDI-V1\e2e\alex-scenarios.spec.ts:28:50

    attachment #1: screenshot (image/png) ──────────────────────────────────────────────────────────
    ..\test-results\alex-scenarios-Alex-Person-58bd7-eck-in-Mood-Energy-check-in-chromium\test-failed-1.png
    ────────────────────────────────────────────────────────────────────────────────────────────────
]]>
</failure>
<system-out>
<![CDATA[BROWSER CONSOLE: [webpack-dev-server] Server started: Hot Module Replacement enabled, Live Reloading enabled, Progress disabled, Overlay enabled.
BROWSER CONSOLE: [HMR] Waiting for update signal from WDS...
BROWSER CONSOLE: %cDownload the React DevTools for a better development experience: https://reactjs.org/link/react-devtools font-weight:bold
BROWSER CONSOLE: "shadow*" style props are deprecated. Use "boxShadow".
BROWSER CONSOLE: The global process.env.EXPO_OS is not defined. This should be inlined by babel-preset-expo during transformation.
BROWSER PAGE ERROR: Missing required parameter `platform`

[[ATTACHMENT|test-results\alex-scenarios-Alex-Person-58bd7-eck-in-Mood-Energy-check-in-chromium\test-failed-1.png]]
]]>
</system-out>
</testcase>
<testcase name="Alex Persona - E2E Scenarios › Suite C: After-School Crash › C.2 Recommendation Logic: Suggests Anchor" classname="alex-scenarios.spec.ts" time="13.719">
<failure message="alex-scenarios.spec.ts:158:9 C.2 Recommendation Logic: Suggests Anchor" type="FAILURE">
<![CDATA[  [chromium] › alex-scenarios.spec.ts:158:9 › Alex Persona - E2E Scenarios › Suite C: After-School Crash › C.2 Recommendation Logic: Suggests Anchor 

    Error: expect(locator).toBeVisible() failed

    Locator: getByTestId('home-title')
    Expected: visible
    Timeout: 5000ms
    Error: element(s) not found

    Call log:
      - Expect "toBeVisible" with timeout 5000ms
      - waiting for getByTestId('home-title')


      26 |     await seedAlexPersona(page);
      27 |     await page.goto('/');
    > 28 |     await expect(page.getByTestId('home-title')).toBeVisible();
         |                                                  ^
      29 |   });
      30 |
      31 |   test.describe('Suite A: Morning Chaos', () => {
        at C:\Users\Steve\OneDrive\Desktop\Github Repos\ADHD-CADDI-V1\e2e\alex-scenarios.spec.ts:28:50

    attachment #1: screenshot (image/png) ──────────────────────────────────────────────────────────
    ..\test-results\alex-scenarios-Alex-Person-2d3fe-ation-Logic-Suggests-Anchor-chromium\test-failed-1.png
    ────────────────────────────────────────────────────────────────────────────────────────────────
]]>
</failure>
<system-out>
<![CDATA[BROWSER CONSOLE: [webpack-dev-server] Server started: Hot Module Replacement enabled, Live Reloading enabled, Progress disabled, Overlay enabled.
BROWSER CONSOLE: [HMR] Waiting for update signal from WDS...
BROWSER CONSOLE: %cDownload the React DevTools for a better development experience: https://reactjs.org/link/react-devtools font-weight:bold
BROWSER CONSOLE: "shadow*" style props are deprecated. Use "boxShadow".
BROWSER CONSOLE: The global process.env.EXPO_OS is not defined. This should be inlined by babel-preset-expo during transformation.
BROWSER PAGE ERROR: Missing required parameter `platform`

[[ATTACHMENT|test-results\alex-scenarios-Alex-Person-2d3fe-ation-Logic-Suggests-Anchor-chromium\test-failed-1.png]]
]]>
</system-out>
</testcase>
<testcase name="Alex Persona - E2E Scenarios › Suite C: After-School Crash › C.3 Grounding Session: 4-7-8 breathing" classname="alex-scenarios.spec.ts" time="7.511">
<failure message="alex-scenarios.spec.ts:166:9 C.3 Grounding Session: 4-7-8 breathing" type="FAILURE">
<![CDATA[  [chromium] › alex-scenarios.spec.ts:166:9 › Alex Persona - E2E Scenarios › Suite C: After-School Crash › C.3 Grounding Session: 4-7-8 breathing 

    Error: expect(locator).toBeVisible() failed

    Locator: getByTestId('home-title')
    Expected: visible
    Timeout: 5000ms
    Error: element(s) not found

    Call log:
      - Expect "toBeVisible" with timeout 5000ms
      - waiting for getByTestId('home-title')


      26 |     await seedAlexPersona(page);
      27 |     await page.goto('/');
    > 28 |     await expect(page.getByTestId('home-title')).toBeVisible();
         |                                                  ^
      29 |   });
      30 |
      31 |   test.describe('Suite A: Morning Chaos', () => {
        at C:\Users\Steve\OneDrive\Desktop\Github Repos\ADHD-CADDI-V1\e2e\alex-scenarios.spec.ts:28:50

    attachment #1: screenshot (image/png) ──────────────────────────────────────────────────────────
    ..\test-results\alex-scenarios-Alex-Person-5ba01-ing-Session-4-7-8-breathing-chromium\test-failed-1.png
    ────────────────────────────────────────────────────────────────────────────────────────────────
]]>
</failure>
<system-out>
<![CDATA[BROWSER CONSOLE: [webpack-dev-server] Server started: Hot Module Replacement enabled, Live Reloading enabled, Progress disabled, Overlay enabled.
BROWSER CONSOLE: [HMR] Waiting for update signal from WDS...
BROWSER CONSOLE: %cDownload the React DevTools for a better development experience: https://reactjs.org/link/react-devtools font-weight:bold
BROWSER CONSOLE: "shadow*" style props are deprecated. Use "boxShadow".
BROWSER CONSOLE: The global process.env.EXPO_OS is not defined. This should be inlined by babel-preset-expo during transformation.
BROWSER PAGE ERROR: Missing required parameter `platform`

[[ATTACHMENT|test-results\alex-scenarios-Alex-Person-5ba01-ing-Session-4-7-8-breathing-chromium\test-failed-1.png]]
]]>
</system-out>
</testcase>
<testcase name="Alex Persona - E2E Scenarios › Suite C: After-School Crash › C.4 Completion Feedback: Session reflection" classname="alex-scenarios.spec.ts" time="10.918">
<failure message="alex-scenarios.spec.ts:173:9 C.4 Completion Feedback: Session reflection" type="FAILURE">
<![CDATA[  [chromium] › alex-scenarios.spec.ts:173:9 › Alex Persona - E2E Scenarios › Suite C: After-School Crash › C.4 Completion Feedback: Session reflection 

    Error: expect(locator).toBeVisible() failed

    Locator: getByTestId('home-title')
    Expected: visible
    Timeout: 5000ms
    Error: element(s) not found

    Call log:
      - Expect "toBeVisible" with timeout 5000ms
      - waiting for getByTestId('home-title')


      26 |     await seedAlexPersona(page);
      27 |     await page.goto('/');
    > 28 |     await expect(page.getByTestId('home-title')).toBeVisible();
         |                                                  ^
      29 |   });
      30 |
      31 |   test.describe('Suite A: Morning Chaos', () => {
        at C:\Users\Steve\OneDrive\Desktop\Github Repos\ADHD-CADDI-V1\e2e\alex-scenarios.spec.ts:28:50

    attachment #1: screenshot (image/png) ──────────────────────────────────────────────────────────
    ..\test-results\alex-scenarios-Alex-Person-ad3c3-Feedback-Session-reflection-chromium\test-failed-1.png
    ────────────────────────────────────────────────────────────────────────────────────────────────
]]>
</failure>
<system-out>
<![CDATA[BROWSER CONSOLE: [webpack-dev-server] Server started: Hot Module Replacement enabled, Live Reloading enabled, Progress disabled, Overlay enabled.
BROWSER CONSOLE: [HMR] Waiting for update signal from WDS...
BROWSER CONSOLE: %cDownload the React DevTools for a better development experience: https://reactjs.org/link/react-devtools font-weight:bold
BROWSER CONSOLE: "shadow*" style props are deprecated. Use "boxShadow".
BROWSER CONSOLE: The global process.env.EXPO_OS is not defined. This should be inlined by babel-preset-expo during transformation.
BROWSER PAGE ERROR: Missing required parameter `platform`

[[ATTACHMENT|test-results\alex-scenarios-Alex-Person-ad3c3-Feedback-Session-reflection-chromium\test-failed-1.png]]
]]>
</system-out>
</testcase>
<testcase name="Alex Persona - E2E Scenarios › Suite D: Interrupted Flow › D.1 Mid-Task Break: Pause and navigate" classname="alex-scenarios.spec.ts" time="7.374">
<failure message="alex-scenarios.spec.ts:190:9 D.1 Mid-Task Break: Pause and navigate" type="FAILURE">
<![CDATA[  [chromium] › alex-scenarios.spec.ts:190:9 › Alex Persona - E2E Scenarios › Suite D: Interrupted Flow › D.1 Mid-Task Break: Pause and navigate 

    Error: expect(locator).toBeVisible() failed

    Locator: getByTestId('home-title')
    Expected: visible
    Timeout: 5000ms
    Error: element(s) not found

    Call log:
      - Expect "toBeVisible" with timeout 5000ms
      - waiting for getByTestId('home-title')


      26 |     await seedAlexPersona(page);
      27 |     await page.goto('/');
    > 28 |     await expect(page.getByTestId('home-title')).toBeVisible();
         |                                                  ^
      29 |   });
      30 |
      31 |   test.describe('Suite A: Morning Chaos', () => {
        at C:\Users\Steve\OneDrive\Desktop\Github Repos\ADHD-CADDI-V1\e2e\alex-scenarios.spec.ts:28:50

    attachment #1: screenshot (image/png) ──────────────────────────────────────────────────────────
    ..\test-results\alex-scenarios-Alex-Person-e1ecd-sk-Break-Pause-and-navigate-chromium\test-failed-1.png
    ────────────────────────────────────────────────────────────────────────────────────────────────
]]>
</failure>
<system-out>
<![CDATA[BROWSER CONSOLE: [webpack-dev-server] Server started: Hot Module Replacement enabled, Live Reloading enabled, Progress disabled, Overlay enabled.
BROWSER CONSOLE: [HMR] Waiting for update signal from WDS...
BROWSER CONSOLE: %cDownload the React DevTools for a better development experience: https://reactjs.org/link/react-devtools font-weight:bold
BROWSER CONSOLE: "shadow*" style props are deprecated. Use "boxShadow".
BROWSER CONSOLE: The global process.env.EXPO_OS is not defined. This should be inlined by babel-preset-expo during transformation.
BROWSER PAGE ERROR: Missing required parameter `platform`

[[ATTACHMENT|test-results\alex-scenarios-Alex-Person-e1ecd-sk-Break-Pause-and-navigate-chromium\test-failed-1.png]]
]]>
</system-out>
</testcase>
<testcase name="Alex Persona - E2E Scenarios › Suite D: Interrupted Flow › D.2 State Restoration: Restores Fog Cutter focus" classname="alex-scenarios.spec.ts" time="7.019">
<failure message="alex-scenarios.spec.ts:198:9 D.2 State Restoration: Restores Fog Cutter focus" type="FAILURE">
<![CDATA[  [chromium] › alex-scenarios.spec.ts:198:9 › Alex Persona - E2E Scenarios › Suite D: Interrupted Flow › D.2 State Restoration: Restores Fog Cutter focus 

    Error: expect(locator).toBeVisible() failed

    Locator: getByTestId('home-title')
    Expected: visible
    Timeout: 5000ms
    Error: element(s) not found

    Call log:
      - Expect "toBeVisible" with timeout 5000ms
      - waiting for getByTestId('home-title')


      26 |     await seedAlexPersona(page);
      27 |     await page.goto('/');
    > 28 |     await expect(page.getByTestId('home-title')).toBeVisible();
         |                                                  ^
      29 |   });
      30 |
      31 |   test.describe('Suite A: Morning Chaos', () => {
        at C:\Users\Steve\OneDrive\Desktop\Github Repos\ADHD-CADDI-V1\e2e\alex-scenarios.spec.ts:28:50

    attachment #1: screenshot (image/png) ──────────────────────────────────────────────────────────
    ..\test-results\alex-scenarios-Alex-Person-a76e2-n-Restores-Fog-Cutter-focus-chromium\test-failed-1.png
    ────────────────────────────────────────────────────────────────────────────────────────────────
]]>
</failure>
<system-out>
<![CDATA[BROWSER CONSOLE: [webpack-dev-server] Server started: Hot Module Replacement enabled, Live Reloading enabled, Progress disabled, Overlay enabled.
BROWSER CONSOLE: [HMR] Waiting for update signal from WDS...
BROWSER CONSOLE: %cDownload the React DevTools for a better development experience: https://reactjs.org/link/react-devtools font-weight:bold
BROWSER CONSOLE: "shadow*" style props are deprecated. Use "boxShadow".
BROWSER CONSOLE: The global process.env.EXPO_OS is not defined. This should be inlined by babel-preset-expo during transformation.
BROWSER PAGE ERROR: Missing required parameter `platform`

[[ATTACHMENT|test-results\alex-scenarios-Alex-Person-a76e2-n-Restores-Fog-Cutter-focus-chromium\test-failed-1.png]]
]]>
</system-out>
</testcase>
<testcase name="Alex Persona - E2E Scenarios › Suite D: Interrupted Flow › D.3 Persistent Timers: Remains active on return" classname="alex-scenarios.spec.ts" time="7.563">
<failure message="alex-scenarios.spec.ts:217:9 D.3 Persistent Timers: Remains active on return" type="FAILURE">
<![CDATA[  [chromium] › alex-scenarios.spec.ts:217:9 › Alex Persona - E2E Scenarios › Suite D: Interrupted Flow › D.3 Persistent Timers: Remains active on return 

    Error: expect(locator).toBeVisible() failed

    Locator: getByTestId('home-title')
    Expected: visible
    Timeout: 5000ms
    Error: element(s) not found

    Call log:
      - Expect "toBeVisible" with timeout 5000ms
      - waiting for getByTestId('home-title')


      26 |     await seedAlexPersona(page);
      27 |     await page.goto('/');
    > 28 |     await expect(page.getByTestId('home-title')).toBeVisible();
         |                                                  ^
      29 |   });
      30 |
      31 |   test.describe('Suite A: Morning Chaos', () => {
        at C:\Users\Steve\OneDrive\Desktop\Github Repos\ADHD-CADDI-V1\e2e\alex-scenarios.spec.ts:28:50

    attachment #1: screenshot (image/png) ──────────────────────────────────────────────────────────
    ..\test-results\alex-scenarios-Alex-Person-3edee-rs-Remains-active-on-return-chromium\test-failed-1.png
    ────────────────────────────────────────────────────────────────────────────────────────────────
]]>
</failure>
<system-out>
<![CDATA[BROWSER CONSOLE: [webpack-dev-server] Server started: Hot Module Replacement enabled, Live Reloading enabled, Progress disabled, Overlay enabled.
BROWSER CONSOLE: [HMR] Waiting for update signal from WDS...
BROWSER CONSOLE: %cDownload the React DevTools for a better development experience: https://reactjs.org/link/react-devtools font-weight:bold
BROWSER CONSOLE: "shadow*" style props are deprecated. Use "boxShadow".
BROWSER CONSOLE: The global process.env.EXPO_OS is not defined. This should be inlined by babel-preset-expo during transformation.
BROWSER PAGE ERROR: Missing required parameter `platform`

[[ATTACHMENT|test-results\alex-scenarios-Alex-Person-3edee-rs-Remains-active-on-return-chromium\test-failed-1.png]]
]]>
</system-out>
</testcase>
<testcase name="Alex Persona - E2E Scenarios › Suite D: Interrupted Flow › D.4 Progress Summary: Status update in Fog Cutter" classname="alex-scenarios.spec.ts" time="7.276">
<failure message="alex-scenarios.spec.ts:228:9 D.4 Progress Summary: Status update in Fog Cutter" type="FAILURE">
<![CDATA[  [chromium] › alex-scenarios.spec.ts:228:9 › Alex Persona - E2E Scenarios › Suite D: Interrupted Flow › D.4 Progress Summary: Status update in Fog Cutter 

    Error: expect(locator).toBeVisible() failed

    Locator: getByTestId('home-title')
    Expected: visible
    Timeout: 5000ms
    Error: element(s) not found

    Call log:
      - Expect "toBeVisible" with timeout 5000ms
      - waiting for getByTestId('home-title')


      26 |     await seedAlexPersona(page);
      27 |     await page.goto('/');
    > 28 |     await expect(page.getByTestId('home-title')).toBeVisible();
         |                                                  ^
      29 |   });
      30 |
      31 |   test.describe('Suite A: Morning Chaos', () => {
        at C:\Users\Steve\OneDrive\Desktop\Github Repos\ADHD-CADDI-V1\e2e\alex-scenarios.spec.ts:28:50

    attachment #1: screenshot (image/png) ──────────────────────────────────────────────────────────
    ..\test-results\alex-scenarios-Alex-Person-63379-Status-update-in-Fog-Cutter-chromium\test-failed-1.png
    ────────────────────────────────────────────────────────────────────────────────────────────────
]]>
</failure>
<system-out>
<![CDATA[BROWSER CONSOLE: [webpack-dev-server] Server started: Hot Module Replacement enabled, Live Reloading enabled, Progress disabled, Overlay enabled.
BROWSER CONSOLE: [HMR] Waiting for update signal from WDS...
BROWSER CONSOLE: %cDownload the React DevTools for a better development experience: https://reactjs.org/link/react-devtools font-weight:bold
BROWSER CONSOLE: "shadow*" style props are deprecated. Use "boxShadow".
BROWSER CONSOLE: The global process.env.EXPO_OS is not defined. This should be inlined by babel-preset-expo during transformation.
BROWSER PAGE ERROR: Missing required parameter `platform`

[[ATTACHMENT|test-results\alex-scenarios-Alex-Person-63379-Status-update-in-Fog-Cutter-chromium\test-failed-1.png]]
]]>
</system-out>
</testcase>
<testcase name="Alex Persona - E2E Scenarios › Suite E: Weekend Anxiety Spiral › E.1 Accomplishment Visibility: Weekly Metrics" classname="alex-scenarios.spec.ts" time="7.075">
<failure message="alex-scenarios.spec.ts:237:9 E.1 Accomplishment Visibility: Weekly Metrics" type="FAILURE">
<![CDATA[  [chromium] › alex-scenarios.spec.ts:237:9 › Alex Persona - E2E Scenarios › Suite E: Weekend Anxiety Spiral › E.1 Accomplishment Visibility: Weekly Metrics 

    Error: expect(locator).toBeVisible() failed

    Locator: getByTestId('home-title')
    Expected: visible
    Timeout: 5000ms
    Error: element(s) not found

    Call log:
      - Expect "toBeVisible" with timeout 5000ms
      - waiting for getByTestId('home-title')


      26 |     await seedAlexPersona(page);
      27 |     await page.goto('/');
    > 28 |     await expect(page.getByTestId('home-title')).toBeVisible();
         |                                                  ^
      29 |   });
      30 |
      31 |   test.describe('Suite A: Morning Chaos', () => {
        at C:\Users\Steve\OneDrive\Desktop\Github Repos\ADHD-CADDI-V1\e2e\alex-scenarios.spec.ts:28:50

    attachment #1: screenshot (image/png) ──────────────────────────────────────────────────────────
    ..\test-results\alex-scenarios-Alex-Person-bcaa5-t-Visibility-Weekly-Metrics-chromium\test-failed-1.png
    ────────────────────────────────────────────────────────────────────────────────────────────────
]]>
</failure>
<system-out>
<![CDATA[BROWSER CONSOLE: [webpack-dev-server] Server started: Hot Module Replacement enabled, Live Reloading enabled, Progress disabled, Overlay enabled.
BROWSER CONSOLE: [HMR] Waiting for update signal from WDS...
BROWSER CONSOLE: %cDownload the React DevTools for a better development experience: https://reactjs.org/link/react-devtools font-weight:bold
BROWSER CONSOLE: "shadow*" style props are deprecated. Use "boxShadow".
BROWSER CONSOLE: The global process.env.EXPO_OS is not defined. This should be inlined by babel-preset-expo during transformation.
BROWSER PAGE ERROR: Missing required parameter `platform`

[[ATTACHMENT|test-results\alex-scenarios-Alex-Person-bcaa5-t-Visibility-Weekly-Metrics-chromium\test-failed-1.png]]
]]>
</system-out>
</testcase>
<testcase name="Alex Persona - E2E Scenarios › Suite E: Weekend Anxiety Spiral › E.2 Commitment Review: Browse tasks" classname="alex-scenarios.spec.ts" time="7.529">
<failure message="alex-scenarios.spec.ts:241:9 E.2 Commitment Review: Browse tasks" type="FAILURE">
<![CDATA[  [chromium] › alex-scenarios.spec.ts:241:9 › Alex Persona - E2E Scenarios › Suite E: Weekend Anxiety Spiral › E.2 Commitment Review: Browse tasks 

    Error: expect(locator).toBeVisible() failed

    Locator: getByTestId('home-title')
    Expected: visible
    Timeout: 5000ms
    Error: element(s) not found

    Call log:
      - Expect "toBeVisible" with timeout 5000ms
      - waiting for getByTestId('home-title')


      26 |     await seedAlexPersona(page);
      27 |     await page.goto('/');
    > 28 |     await expect(page.getByTestId('home-title')).toBeVisible();
         |                                                  ^
      29 |   });
      30 |
      31 |   test.describe('Suite A: Morning Chaos', () => {
        at C:\Users\Steve\OneDrive\Desktop\Github Repos\ADHD-CADDI-V1\e2e\alex-scenarios.spec.ts:28:50

    attachment #1: screenshot (image/png) ──────────────────────────────────────────────────────────
    ..\test-results\alex-scenarios-Alex-Person-e205a-mitment-Review-Browse-tasks-chromium\test-failed-1.png
    ────────────────────────────────────────────────────────────────────────────────────────────────
]]>
</failure>
<system-out>
<![CDATA[BROWSER CONSOLE: [webpack-dev-server] Server started: Hot Module Replacement enabled, Live Reloading enabled, Progress disabled, Overlay enabled.
BROWSER CONSOLE: [HMR] Waiting for update signal from WDS...
BROWSER CONSOLE: %cDownload the React DevTools for a better development experience: https://reactjs.org/link/react-devtools font-weight:bold
BROWSER CONSOLE: "shadow*" style props are deprecated. Use "boxShadow".
BROWSER CONSOLE: The global process.env.EXPO_OS is not defined. This should be inlined by babel-preset-expo during transformation.
BROWSER PAGE ERROR: Missing required parameter `platform`

[[ATTACHMENT|test-results\alex-scenarios-Alex-Person-e205a-mitment-Review-Browse-tasks-chromium\test-failed-1.png]]
]]>
</system-out>
</testcase>
<testcase name="Alex Persona - E2E Scenarios › Suite E: Weekend Anxiety Spiral › E.3 Calendar Layout: Loads and displays" classname="alex-scenarios.spec.ts" time="6.817">
<failure message="alex-scenarios.spec.ts:246:9 E.3 Calendar Layout: Loads and displays" type="FAILURE">
<![CDATA[  [chromium] › alex-scenarios.spec.ts:246:9 › Alex Persona - E2E Scenarios › Suite E: Weekend Anxiety Spiral › E.3 Calendar Layout: Loads and displays 

    Error: expect(locator).toBeVisible() failed

    Locator: getByTestId('home-title')
    Expected: visible
    Timeout: 5000ms
    Error: element(s) not found

    Call log:
      - Expect "toBeVisible" with timeout 5000ms
      - waiting for getByTestId('home-title')


      26 |     await seedAlexPersona(page);
      27 |     await page.goto('/');
    > 28 |     await expect(page.getByTestId('home-title')).toBeVisible();
         |                                                  ^
      29 |   });
      30 |
      31 |   test.describe('Suite A: Morning Chaos', () => {
        at C:\Users\Steve\OneDrive\Desktop\Github Repos\ADHD-CADDI-V1\e2e\alex-scenarios.spec.ts:28:50

    attachment #1: screenshot (image/png) ──────────────────────────────────────────────────────────
    ..\test-results\alex-scenarios-Alex-Person-111af-r-Layout-Loads-and-displays-chromium\test-failed-1.png
    ────────────────────────────────────────────────────────────────────────────────────────────────
]]>
</failure>
<system-out>
<![CDATA[BROWSER CONSOLE: [webpack-dev-server] Server started: Hot Module Replacement enabled, Live Reloading enabled, Progress disabled, Overlay enabled.
BROWSER CONSOLE: [HMR] Waiting for update signal from WDS...
BROWSER CONSOLE: %cDownload the React DevTools for a better development experience: https://reactjs.org/link/react-devtools font-weight:bold
BROWSER CONSOLE: "shadow*" style props are deprecated. Use "boxShadow".
BROWSER CONSOLE: The global process.env.EXPO_OS is not defined. This should be inlined by babel-preset-expo during transformation.
BROWSER PAGE ERROR: Missing required parameter `platform`

[[ATTACHMENT|test-results\alex-scenarios-Alex-Person-111af-r-Layout-Loads-and-displays-chromium\test-failed-1.png]]
]]>
</system-out>
</testcase>
<testcase name="Alex Persona - E2E Scenarios › Suite E: Weekend Anxiety Spiral › E.4 Worry Reframing: CBT Guide access" classname="alex-scenarios.spec.ts" time="7.342">
<failure message="alex-scenarios.spec.ts:251:9 E.4 Worry Reframing: CBT Guide access" type="FAILURE">
<![CDATA[  [chromium] › alex-scenarios.spec.ts:251:9 › Alex Persona - E2E Scenarios › Suite E: Weekend Anxiety Spiral › E.4 Worry Reframing: CBT Guide access 

    Error: expect(locator).toBeVisible() failed

    Locator: getByTestId('home-title')
    Expected: visible
    Timeout: 5000ms
    Error: element(s) not found

    Call log:
      - Expect "toBeVisible" with timeout 5000ms
      - waiting for getByTestId('home-title')


      26 |     await seedAlexPersona(page);
      27 |     await page.goto('/');
    > 28 |     await expect(page.getByTestId('home-title')).toBeVisible();
         |                                                  ^
      29 |   });
      30 |
      31 |   test.describe('Suite A: Morning Chaos', () => {
        at C:\Users\Steve\OneDrive\Desktop\Github Repos\ADHD-CADDI-V1\e2e\alex-scenarios.spec.ts:28:50

    attachment #1: screenshot (image/png) ──────────────────────────────────────────────────────────
    ..\test-results\alex-scenarios-Alex-Person-1f9e7--Reframing-CBT-Guide-access-chromium\test-failed-1.png
    ────────────────────────────────────────────────────────────────────────────────────────────────
]]>
</failure>
<system-out>
<![CDATA[BROWSER CONSOLE: [webpack-dev-server] Server started: Hot Module Replacement enabled, Live Reloading enabled, Progress disabled, Overlay enabled.
BROWSER CONSOLE: [HMR] Waiting for update signal from WDS...
BROWSER CONSOLE: %cDownload the React DevTools for a better development experience: https://reactjs.org/link/react-devtools font-weight:bold
BROWSER CONSOLE: "shadow*" style props are deprecated. Use "boxShadow".
BROWSER CONSOLE: The global process.env.EXPO_OS is not defined. This should be inlined by babel-preset-expo during transformation.
BROWSER PAGE ERROR: Missing required parameter `platform`

[[ATTACHMENT|test-results\alex-scenarios-Alex-Person-1f9e7--Reframing-CBT-Guide-access-chromium\test-failed-1.png]]
]]>
</system-out>
</testcase>
<testcase name="Alex Persona - E2E Scenarios › Suite F: IEP Meeting Surprise › F.1 60-Second Reset: Energize session" classname="alex-scenarios.spec.ts" time="7.721">
<failure message="alex-scenarios.spec.ts:258:9 F.1 60-Second Reset: Energize session" type="FAILURE">
<![CDATA[  [chromium] › alex-scenarios.spec.ts:258:9 › Alex Persona - E2E Scenarios › Suite F: IEP Meeting Surprise › F.1 60-Second Reset: Energize session 

    Error: expect(locator).toBeVisible() failed

    Locator: getByTestId('home-title')
    Expected: visible
    Timeout: 5000ms
    Error: element(s) not found

    Call log:
      - Expect "toBeVisible" with timeout 5000ms
      - waiting for getByTestId('home-title')


      26 |     await seedAlexPersona(page);
      27 |     await page.goto('/');
    > 28 |     await expect(page.getByTestId('home-title')).toBeVisible();
         |                                                  ^
      29 |   });
      30 |
      31 |   test.describe('Suite A: Morning Chaos', () => {
        at C:\Users\Steve\OneDrive\Desktop\Github Repos\ADHD-CADDI-V1\e2e\alex-scenarios.spec.ts:28:50

    attachment #1: screenshot (image/png) ──────────────────────────────────────────────────────────
    ..\test-results\alex-scenarios-Alex-Person-60fc4-cond-Reset-Energize-session-chromium\test-failed-1.png
    ────────────────────────────────────────────────────────────────────────────────────────────────
]]>
</failure>
<system-out>
<![CDATA[BROWSER CONSOLE: [webpack-dev-server] Server started: Hot Module Replacement enabled, Live Reloading enabled, Progress disabled, Overlay enabled.
BROWSER CONSOLE: [HMR] Waiting for update signal from WDS...
BROWSER CONSOLE: %cDownload the React DevTools for a better development experience: https://reactjs.org/link/react-devtools font-weight:bold
BROWSER CONSOLE: "shadow*" style props are deprecated. Use "boxShadow".
BROWSER CONSOLE: The global process.env.EXPO_OS is not defined. This should be inlined by babel-preset-expo during transformation.
BROWSER PAGE ERROR: Missing required parameter `platform`

[[ATTACHMENT|test-results\alex-scenarios-Alex-Person-60fc4-cond-Reset-Energize-session-chromium\test-failed-1.png]]
]]>
</system-out>
</testcase>
<testcase name="Alex Persona - E2E Scenarios › Suite F: IEP Meeting Surprise › F.2 Rapid Retrieval: Brain Dump filter" classname="alex-scenarios.spec.ts" time="7.721">
<failure message="alex-scenarios.spec.ts:264:9 F.2 Rapid Retrieval: Brain Dump filter" type="FAILURE">
<![CDATA[  [chromium] › alex-scenarios.spec.ts:264:9 › Alex Persona - E2E Scenarios › Suite F: IEP Meeting Surprise › F.2 Rapid Retrieval: Brain Dump filter 

    Error: expect(locator).toBeVisible() failed

    Locator: getByTestId('home-title')
    Expected: visible
    Timeout: 5000ms
    Error: element(s) not found

    Call log:
      - Expect "toBeVisible" with timeout 5000ms
      - waiting for getByTestId('home-title')


      26 |     await seedAlexPersona(page);
      27 |     await page.goto('/');
    > 28 |     await expect(page.getByTestId('home-title')).toBeVisible();
         |                                                  ^
      29 |   });
      30 |
      31 |   test.describe('Suite A: Morning Chaos', () => {
        at C:\Users\Steve\OneDrive\Desktop\Github Repos\ADHD-CADDI-V1\e2e\alex-scenarios.spec.ts:28:50

    attachment #1: screenshot (image/png) ──────────────────────────────────────────────────────────
    ..\test-results\alex-scenarios-Alex-Person-633ac-Retrieval-Brain-Dump-filter-chromium\test-failed-1.png
    ────────────────────────────────────────────────────────────────────────────────────────────────
]]>
</failure>
<system-out>
<![CDATA[BROWSER CONSOLE: [webpack-dev-server] Server started: Hot Module Replacement enabled, Live Reloading enabled, Progress disabled, Overlay enabled.
BROWSER CONSOLE: [HMR] Waiting for update signal from WDS...
BROWSER CONSOLE: %cDownload the React DevTools for a better development experience: https://reactjs.org/link/react-devtools font-weight:bold
BROWSER CONSOLE: "shadow*" style props are deprecated. Use "boxShadow".
BROWSER CONSOLE: The global process.env.EXPO_OS is not defined. This should be inlined by babel-preset-expo during transformation.
BROWSER PAGE ERROR: Missing required parameter `platform`

[[ATTACHMENT|test-results\alex-scenarios-Alex-Person-633ac-Retrieval-Brain-Dump-filter-chromium\test-failed-1.png]]
]]>
</system-out>
</testcase>
<testcase name="Alex Persona - E2E Scenarios › Suite F: IEP Meeting Surprise › F.3 Readiness Audit: System status check" classname="alex-scenarios.spec.ts" time="9.662">
<failure message="alex-scenarios.spec.ts:269:9 F.3 Readiness Audit: System status check" type="FAILURE">
<![CDATA[  [chromium] › alex-scenarios.spec.ts:269:9 › Alex Persona - E2E Scenarios › Suite F: IEP Meeting Surprise › F.3 Readiness Audit: System status check 

    Error: expect(locator).toBeVisible() failed

    Locator: getByTestId('home-title')
    Expected: visible
    Timeout: 5000ms
    Error: element(s) not found

    Call log:
      - Expect "toBeVisible" with timeout 5000ms
      - waiting for getByTestId('home-title')


      26 |     await seedAlexPersona(page);
      27 |     await page.goto('/');
    > 28 |     await expect(page.getByTestId('home-title')).toBeVisible();
         |                                                  ^
      29 |   });
      30 |
      31 |   test.describe('Suite A: Morning Chaos', () => {
        at C:\Users\Steve\OneDrive\Desktop\Github Repos\ADHD-CADDI-V1\e2e\alex-scenarios.spec.ts:28:50

    attachment #1: screenshot (image/png) ──────────────────────────────────────────────────────────
    ..\test-results\alex-scenarios-Alex-Person-ac56b-s-Audit-System-status-check-chromium\test-failed-1.png
    ────────────────────────────────────────────────────────────────────────────────────────────────
]]>
</failure>
<system-out>
<![CDATA[BROWSER CONSOLE: [webpack-dev-server] Server started: Hot Module Replacement enabled, Live Reloading enabled, Progress disabled, Overlay enabled.
BROWSER CONSOLE: [HMR] Waiting for update signal from WDS...
BROWSER CONSOLE: %cDownload the React DevTools for a better development experience: https://reactjs.org/link/react-devtools font-weight:bold
BROWSER CONSOLE: "shadow*" style props are deprecated. Use "boxShadow".
BROWSER CONSOLE: The global process.env.EXPO_OS is not defined. This should be inlined by babel-preset-expo during transformation.
BROWSER PAGE ERROR: Missing required parameter `platform`

[[ATTACHMENT|test-results\alex-scenarios-Alex-Person-ac56b-s-Audit-System-status-check-chromium\test-failed-1.png]]
]]>
</system-out>
</testcase>
<testcase name="Alex Persona - E2E Scenarios › Suite F: IEP Meeting Surprise › F.4 Instant Capture: Post-session note" classname="alex-scenarios.spec.ts" time="8.703">
<failure message="alex-scenarios.spec.ts:274:9 F.4 Instant Capture: Post-session note" type="FAILURE">
<![CDATA[  [chromium] › alex-scenarios.spec.ts:274:9 › Alex Persona - E2E Scenarios › Suite F: IEP Meeting Surprise › F.4 Instant Capture: Post-session note 

    Error: expect(locator).toBeVisible() failed

    Locator: getByTestId('home-title')
    Expected: visible
    Timeout: 5000ms
    Error: element(s) not found

    Call log:
      - Expect "toBeVisible" with timeout 5000ms
      - waiting for getByTestId('home-title')


      26 |     await seedAlexPersona(page);
      27 |     await page.goto('/');
    > 28 |     await expect(page.getByTestId('home-title')).toBeVisible();
         |                                                  ^
      29 |   });
      30 |
      31 |   test.describe('Suite A: Morning Chaos', () => {
        at C:\Users\Steve\OneDrive\Desktop\Github Repos\ADHD-CADDI-V1\e2e\alex-scenarios.spec.ts:28:50

    attachment #1: screenshot (image/png) ──────────────────────────────────────────────────────────
    ..\test-results\alex-scenarios-Alex-Person-2e42a-t-Capture-Post-session-note-chromium\test-failed-1.png
    ────────────────────────────────────────────────────────────────────────────────────────────────
]]>
</failure>
<system-out>
<![CDATA[BROWSER CONSOLE: [webpack-dev-server] Server started: Hot Module Replacement enabled, Live Reloading enabled, Progress disabled, Overlay enabled.
BROWSER CONSOLE: [HMR] Waiting for update signal from WDS...
BROWSER CONSOLE: %cDownload the React DevTools for a better development experience: https://reactjs.org/link/react-devtools font-weight:bold
BROWSER CONSOLE: "shadow*" style props are deprecated. Use "boxShadow".
BROWSER CONSOLE: The global process.env.EXPO_OS is not defined. This should be inlined by babel-preset-expo during transformation.
BROWSER PAGE ERROR: Missing required parameter `platform`

[[ATTACHMENT|test-results\alex-scenarios-Alex-Person-2e42a-t-Capture-Post-session-note-chromium\test-failed-1.png]]
]]>
</system-out>
</testcase>
</testsuite>
<testsuite name="braindump-flow.spec.ts" timestamp="2026-03-04T03:13:29.305Z" hostname="chromium" tests="2" failures="2" skipped="0" time="16.239" errors="0">
<testcase name="BrainDump Flow › add item then delete item" classname="braindump-flow.spec.ts" time="7.821">
<failure message="braindump-flow.spec.ts:16:7 add item then delete item" type="FAILURE">
<![CDATA[  [chromium] › braindump-flow.spec.ts:16:7 › BrainDump Flow › add item then delete item ────────────

    Error: expect(locator).toBeVisible() failed

    Locator: getByTestId('home-title')
    Expected: visible
    Timeout: 5000ms
    Error: element(s) not found

    Call log:
      - Expect "toBeVisible" with timeout 5000ms
      - waiting for getByTestId('home-title')


       9 |     await enableCosmicTheme(page);
      10 |     await page.goto('/'); // Second goto to ensure init scripts applied and storage clean
    > 11 |     await expect(page.getByTestId('home-title')).toBeVisible();
         |                                                  ^
      12 |     await page.getByTestId('nav-tasks').click({ force: true });
      13 |     await expect(page.getByText('BRAIN_DUMP')).toBeVisible();
      14 |   });
        at C:\Users\Steve\OneDrive\Desktop\Github Repos\ADHD-CADDI-V1\e2e\braindump-flow.spec.ts:11:50

    attachment #1: screenshot (image/png) ──────────────────────────────────────────────────────────
    ..\test-results\braindump-flow-BrainDump-Flow-add-item-then-delete-item-chromium\test-failed-1.png
    ────────────────────────────────────────────────────────────────────────────────────────────────
]]>
</failure>
<system-out>
<![CDATA[
[[ATTACHMENT|test-results\braindump-flow-BrainDump-Flow-add-item-then-delete-item-chromium\test-failed-1.png]]
]]>
</system-out>
</testcase>
<testcase name="BrainDump Flow › items persist across reload" classname="braindump-flow.spec.ts" time="8.418">
<failure message="braindump-flow.spec.ts:36:7 items persist across reload" type="FAILURE">
<![CDATA[  [chromium] › braindump-flow.spec.ts:36:7 › BrainDump Flow › items persist across reload ──────────

    Error: expect(locator).toBeVisible() failed

    Locator: getByTestId('home-title')
    Expected: visible
    Timeout: 5000ms
    Error: element(s) not found

    Call log:
      - Expect "toBeVisible" with timeout 5000ms
      - waiting for getByTestId('home-title')


       9 |     await enableCosmicTheme(page);
      10 |     await page.goto('/'); // Second goto to ensure init scripts applied and storage clean
    > 11 |     await expect(page.getByTestId('home-title')).toBeVisible();
         |                                                  ^
      12 |     await page.getByTestId('nav-tasks').click({ force: true });
      13 |     await expect(page.getByText('BRAIN_DUMP')).toBeVisible();
      14 |   });
        at C:\Users\Steve\OneDrive\Desktop\Github Repos\ADHD-CADDI-V1\e2e\braindump-flow.spec.ts:11:50

    attachment #1: screenshot (image/png) ──────────────────────────────────────────────────────────
    ..\test-results\braindump-flow-BrainDump-Flow-items-persist-across-reload-chromium\test-failed-1.png
    ────────────────────────────────────────────────────────────────────────────────────────────────
]]>
</failure>
<system-out>
<![CDATA[
[[ATTACHMENT|test-results\braindump-flow-BrainDump-Flow-items-persist-across-reload-chromium\test-failed-1.png]]
]]>
</system-out>
</testcase>
</testsuite>
<testsuite name="bubble-features.spec.ts" timestamp="2026-03-04T03:13:29.305Z" hostname="chromium" tests="2" failures="2" skipped="0" time="14.173" errors="0">
<testcase name="Bubble Features: Interruption &amp; Vignette Check-ins › Check-In Mode (Interruption) in Capture Drawer › Can open Capture Drawer and log progress through Check-in mode" classname="bubble-features.spec.ts" time="7.399">
<failure message="bubble-features.spec.ts:18:9 Can open Capture Drawer and log progress through Check-in mode" type="FAILURE">
<![CDATA[  [chromium] › bubble-features.spec.ts:18:9 › Bubble Features: Interruption & Vignette Check-ins › Check-In Mode (Interruption) in Capture Drawer › Can open Capture Drawer and log progress through Check-in mode 

    Error: expect(locator).toBeVisible() failed

    Locator: getByTestId('capture-bubble')
    Expected: visible
    Timeout: 5000ms
    Error: element(s) not found

    Call log:
      - Expect "toBeVisible" with timeout 5000ms
      - waiting for getByTestId('capture-bubble')


      21 |       // 1. Open Capture Bubble
      22 |       const bubble = page.getByTestId('capture-bubble');
    > 23 |       await expect(bubble).toBeVisible();
         |                            ^
      24 |       await bubble.click();
      25 |
      26 |       // 2. Open Drawer
        at C:\Users\Steve\OneDrive\Desktop\Github Repos\ADHD-CADDI-V1\e2e\bubble-features.spec.ts:23:28

    attachment #1: screenshot (image/png) ──────────────────────────────────────────────────────────
    ..\test-results\bubble-features-Bubble-Fea-3f28f-gress-through-Check-in-mode-chromium\test-failed-1.png
    ────────────────────────────────────────────────────────────────────────────────────────────────
]]>
</failure>
<system-out>
<![CDATA[
[[ATTACHMENT|test-results\bubble-features-Bubble-Fea-3f28f-gress-through-Check-in-mode-chromium\test-failed-1.png]]
]]>
</system-out>
</testcase>
<testcase name="Bubble Features: Interruption &amp; Vignette Check-ins › Vignettes in CheckInScreen › CheckInScreen displays literary vignettes instead of emojis" classname="bubble-features.spec.ts" time="6.774">
<failure message="bubble-features.spec.ts:56:9 CheckInScreen displays literary vignettes instead of emojis" type="FAILURE">
<![CDATA[  [chromium] › bubble-features.spec.ts:56:9 › Bubble Features: Interruption & Vignette Check-ins › Vignettes in CheckInScreen › CheckInScreen displays literary vignettes instead of emojis 

    Error: expect(locator).toBeVisible() failed

    Locator: getByTestId('mode-checkin')
    Expected: visible
    Timeout: 5000ms
    Error: element(s) not found

    Call log:
      - Expect "toBeVisible" with timeout 5000ms
      - waiting for getByTestId('mode-checkin')


      60 |       // Using the home mode grid (mode-checkin)
      61 |       const checkinCard = page.getByTestId('mode-checkin');
    > 62 |       await expect(checkinCard).toBeVisible();
         |                                 ^
      63 |       await checkinCard.click({ force: true });
      64 |
      65 |       // 2. Check for Vignette Quotes instead of emojis
        at C:\Users\Steve\OneDrive\Desktop\Github Repos\ADHD-CADDI-V1\e2e\bubble-features.spec.ts:62:33

    attachment #1: screenshot (image/png) ──────────────────────────────────────────────────────────
    ..\test-results\bubble-features-Bubble-Fea-54079-vignettes-instead-of-emojis-chromium\test-failed-1.png
    ────────────────────────────────────────────────────────────────────────────────────────────────
]]>
</failure>
<system-out>
<![CDATA[
[[ATTACHMENT|test-results\bubble-features-Bubble-Fea-54079-vignettes-instead-of-emojis-chromium\test-failed-1.png]]
]]>
</system-out>
</testcase>
</testsuite>
<testsuite name="capture-teacher.spec.ts" timestamp="2026-03-04T03:13:29.305Z" hostname="chromium" tests="10" failures="9" skipped="1" time="146.626" errors="0">
<testcase name="Capture Bubble — Teacher Persona (Ms. Torres) › bubble is visible on the home screen" classname="capture-teacher.spec.ts" time="13.247">
<failure message="capture-teacher.spec.ts:55:7 bubble is visible on the home screen" type="FAILURE">
<![CDATA[  [chromium] › capture-teacher.spec.ts:55:7 › Capture Bubble — Teacher Persona (Ms. Torres) › bubble is visible on the home screen 

    Error: expect(locator).toBeVisible() failed

    Locator: getByTestId('capture-bubble')
    Expected: visible
    Timeout: 10000ms
    Error: element(s) not found

    Call log:
      - Expect "toBeVisible" with timeout 10000ms
      - waiting for getByTestId('capture-bubble')


      58 |     await page.waitForLoadState('networkidle');
      59 |
    > 60 |     await expect(page.getByTestId('capture-bubble')).toBeVisible({
         |                                                      ^
      61 |       timeout: 10_000,
      62 |     });
      63 |   });
        at C:\Users\Steve\OneDrive\Desktop\Github Repos\ADHD-CADDI-V1\e2e\capture-teacher.spec.ts:60:54

    attachment #1: screenshot (image/png) ──────────────────────────────────────────────────────────
    ..\test-results\capture-teacher-Capture-Bu-5937e--visible-on-the-home-screen-chromium\test-failed-1.png
    ────────────────────────────────────────────────────────────────────────────────────────────────
]]>
</failure>
<system-out>
<![CDATA[
[[ATTACHMENT|test-results\capture-teacher-Capture-Bu-5937e--visible-on-the-home-screen-chromium\test-failed-1.png]]
]]>
</system-out>
</testcase>
<testcase name="Capture Bubble — Teacher Persona (Ms. Torres) › bubble shows badge count when unreviewed items exist" classname="capture-teacher.spec.ts" time="12.59">
<failure message="capture-teacher.spec.ts:65:7 bubble shows badge count when unreviewed items exist" type="FAILURE">
<![CDATA[  [chromium] › capture-teacher.spec.ts:65:7 › Capture Bubble — Teacher Persona (Ms. Torres) › bubble shows badge count when unreviewed items exist 

    Error: expect(locator).toBeVisible() failed

    Locator: getByTestId('capture-bubble-badge')
    Expected: visible
    Timeout: 10000ms
    Error: element(s) not found

    Call log:
      - Expect "toBeVisible" with timeout 10000ms
      - waiting for getByTestId('capture-bubble-badge')


      86 |     await page.goto('/');
      87 |     await page.waitForLoadState('networkidle');
    > 88 |     await expect(page.getByTestId('capture-bubble-badge')).toBeVisible({
         |                                                            ^
      89 |       timeout: 10_000,
      90 |     });
      91 |     await expect(page.getByTestId('capture-bubble-badge')).toHaveText('2');
        at C:\Users\Steve\OneDrive\Desktop\Github Repos\ADHD-CADDI-V1\e2e\capture-teacher.spec.ts:88:60

    attachment #1: screenshot (image/png) ──────────────────────────────────────────────────────────
    ..\test-results\capture-teacher-Capture-Bu-0ab11-when-unreviewed-items-exist-chromium\test-failed-1.png
    ────────────────────────────────────────────────────────────────────────────────────────────────
]]>
</failure>
<system-out>
<![CDATA[
[[ATTACHMENT|test-results\capture-teacher-Capture-Bu-0ab11-when-unreviewed-items-exist-chromium\test-failed-1.png]]
]]>
</system-out>
</testcase>
<testcase name="Capture Bubble — Teacher Persona (Ms. Torres) › tapping bubble opens drawer with all 5 capture modes" classname="capture-teacher.spec.ts" time="12.797">
<failure message="capture-teacher.spec.ts:98:7 tapping bubble opens drawer with all 5 capture modes" type="FAILURE">
<![CDATA[  [chromium] › capture-teacher.spec.ts:98:7 › Capture Bubble — Teacher Persona (Ms. Torres) › tapping bubble opens drawer with all 5 capture modes 

    Error: expect(locator).toBeVisible() failed

    Locator: getByTestId('capture-bubble')
    Expected: visible
    Timeout: 10000ms
    Error: element(s) not found

    Call log:
      - Expect "toBeVisible" with timeout 10000ms
      - waiting for getByTestId('capture-bubble')


      35 |   await page.goto('/');
      36 |   await page.waitForLoadState('networkidle');
    > 37 |   await expect(page.getByTestId('capture-bubble')).toBeVisible({
         |                                                    ^
      38 |     timeout: 10_000,
      39 |   });
      40 |   await page.getByTestId('capture-bubble').click();
        at openCaptureBubble (C:\Users\Steve\OneDrive\Desktop\Github Repos\ADHD-CADDI-V1\e2e\capture-teacher.spec.ts:37:52)
        at C:\Users\Steve\OneDrive\Desktop\Github Repos\ADHD-CADDI-V1\e2e\capture-teacher.spec.ts:102:5

    attachment #1: screenshot (image/png) ──────────────────────────────────────────────────────────
    ..\test-results\capture-teacher-Capture-Bu-c21eb-er-with-all-5-capture-modes-chromium\test-failed-1.png
    ────────────────────────────────────────────────────────────────────────────────────────────────
]]>
</failure>
<system-out>
<![CDATA[
[[ATTACHMENT|test-results\capture-teacher-Capture-Bu-c21eb-er-with-all-5-capture-modes-chromium\test-failed-1.png]]
]]>
</system-out>
</testcase>
<testcase name="Capture Bubble — Teacher Persona (Ms. Torres) › teacher captures a text note in ≤ 3 interactions" classname="capture-teacher.spec.ts" time="30.162">
<failure message="capture-teacher.spec.ts:115:7 teacher captures a text note in ≤ 3 interactions" type="FAILURE">
<![CDATA[  [chromium] › capture-teacher.spec.ts:115:7 › Capture Bubble — Teacher Persona (Ms. Torres) › teacher captures a text note in ≤ 3 interactions 

    Test timeout of 30000ms exceeded.

    Error: locator.click: Test timeout of 30000ms exceeded.
    Call log:
      - waiting for getByTestId('capture-bubble')


      119 |
      120 |     // Interaction 1: open bubble
    > 121 |     await page.getByTestId('capture-bubble').click();
          |                                              ^
      122 |     await expect(page.getByTestId('capture-drawer')).toBeVisible({
      123 |       timeout: 5_000,
      124 |     });
        at C:\Users\Steve\OneDrive\Desktop\Github Repos\ADHD-CADDI-V1\e2e\capture-teacher.spec.ts:121:46

    attachment #1: screenshot (image/png) ──────────────────────────────────────────────────────────
    ..\test-results\capture-teacher-Capture-Bu-cfb94-xt-note-in-≤-3-interactions-chromium\test-failed-1.png
    ────────────────────────────────────────────────────────────────────────────────────────────────
]]>
</failure>
<system-out>
<![CDATA[
[[ATTACHMENT|test-results\capture-teacher-Capture-Bu-cfb94-xt-note-in-≤-3-interactions-chromium\test-failed-1.png]]
]]>
</system-out>
</testcase>
<testcase name="Capture Bubble — Teacher Persona (Ms. Torres) › meeting mode accepts multi-line notes and submits" classname="capture-teacher.spec.ts" time="11.383">
<failure message="capture-teacher.spec.ts:147:7 meeting mode accepts multi-line notes and submits" type="FAILURE">
<![CDATA[  [chromium] › capture-teacher.spec.ts:147:7 › Capture Bubble — Teacher Persona (Ms. Torres) › meeting mode accepts multi-line notes and submits 

    Error: expect(locator).toBeVisible() failed

    Locator: getByTestId('capture-bubble')
    Expected: visible
    Timeout: 10000ms
    Error: element(s) not found

    Call log:
      - Expect "toBeVisible" with timeout 10000ms
      - waiting for getByTestId('capture-bubble')


      35 |   await page.goto('/');
      36 |   await page.waitForLoadState('networkidle');
    > 37 |   await expect(page.getByTestId('capture-bubble')).toBeVisible({
         |                                                    ^
      38 |     timeout: 10_000,
      39 |   });
      40 |   await page.getByTestId('capture-bubble').click();
        at openCaptureBubble (C:\Users\Steve\OneDrive\Desktop\Github Repos\ADHD-CADDI-V1\e2e\capture-teacher.spec.ts:37:52)
        at C:\Users\Steve\OneDrive\Desktop\Github Repos\ADHD-CADDI-V1\e2e\capture-teacher.spec.ts:151:5

    attachment #1: screenshot (image/png) ──────────────────────────────────────────────────────────
    ..\test-results\capture-teacher-Capture-Bu-e77ac-ulti-line-notes-and-submits-chromium\test-failed-1.png
    ────────────────────────────────────────────────────────────────────────────────────────────────
]]>
</failure>
<system-out>
<![CDATA[
[[ATTACHMENT|test-results\capture-teacher-Capture-Bu-e77ac-ulti-line-notes-and-submits-chromium\test-failed-1.png]]
]]>
</system-out>
</testcase>
<testcase name="Capture Bubble — Teacher Persona (Ms. Torres) › drawer closes on cancel without saving" classname="capture-teacher.spec.ts" time="11.42">
<failure message="capture-teacher.spec.ts:173:7 drawer closes on cancel without saving" type="FAILURE">
<![CDATA[  [chromium] › capture-teacher.spec.ts:173:7 › Capture Bubble — Teacher Persona (Ms. Torres) › drawer closes on cancel without saving 

    Error: expect(locator).toBeVisible() failed

    Locator: getByTestId('capture-bubble')
    Expected: visible
    Timeout: 10000ms
    Error: element(s) not found

    Call log:
      - Expect "toBeVisible" with timeout 10000ms
      - waiting for getByTestId('capture-bubble')


      35 |   await page.goto('/');
      36 |   await page.waitForLoadState('networkidle');
    > 37 |   await expect(page.getByTestId('capture-bubble')).toBeVisible({
         |                                                    ^
      38 |     timeout: 10_000,
      39 |   });
      40 |   await page.getByTestId('capture-bubble').click();
        at openCaptureBubble (C:\Users\Steve\OneDrive\Desktop\Github Repos\ADHD-CADDI-V1\e2e\capture-teacher.spec.ts:37:52)
        at C:\Users\Steve\OneDrive\Desktop\Github Repos\ADHD-CADDI-V1\e2e\capture-teacher.spec.ts:175:5

    attachment #1: screenshot (image/png) ──────────────────────────────────────────────────────────
    ..\test-results\capture-teacher-Capture-Bu-56eee-es-on-cancel-without-saving-chromium\test-failed-1.png
    ────────────────────────────────────────────────────────────────────────────────────────────────
]]>
</failure>
<system-out>
<![CDATA[
[[ATTACHMENT|test-results\capture-teacher-Capture-Bu-56eee-es-on-cancel-without-saving-chromium\test-failed-1.png]]
]]>
</system-out>
</testcase>
<testcase name="Capture Bubble — Teacher Persona (Ms. Torres) › inbox shows unreviewed captures and allows promote to task" classname="capture-teacher.spec.ts" time="11.632">
<failure message="capture-teacher.spec.ts:188:7 inbox shows unreviewed captures and allows promote to task" type="FAILURE">
<![CDATA[  [chromium] › capture-teacher.spec.ts:188:7 › Capture Bubble — Teacher Persona (Ms. Torres) › inbox shows unreviewed captures and allows promote to task 

    Error: expect(locator).toBeVisible() failed

    Locator: getByTestId('capture-bubble')
    Expected: visible
    Timeout: 10000ms
    Error: element(s) not found

    Call log:
      - Expect "toBeVisible" with timeout 10000ms
      - waiting for getByTestId('capture-bubble')


      211 |
      212 |     // Open inbox via bubble long-press or badge tap — or navigate directly
    > 213 |     await expect(page.getByTestId('capture-bubble')).toBeVisible({
          |                                                      ^
      214 |       timeout: 10_000,
      215 |     });
      216 |     await page.getByTestId('capture-bubble').press('Enter'); // keyboard nav opens inbox
        at C:\Users\Steve\OneDrive\Desktop\Github Repos\ADHD-CADDI-V1\e2e\capture-teacher.spec.ts:213:54

    attachment #1: screenshot (image/png) ──────────────────────────────────────────────────────────
    ..\test-results\capture-teacher-Capture-Bu-d1f23--and-allows-promote-to-task-chromium\test-failed-1.png
    ────────────────────────────────────────────────────────────────────────────────────────────────
]]>
</failure>
<system-out>
<![CDATA[
[[ATTACHMENT|test-results\capture-teacher-Capture-Bu-d1f23--and-allows-promote-to-task-chromium\test-failed-1.png]]
]]>
</system-out>
</testcase>
<testcase name="Capture Bubble — Teacher Persona (Ms. Torres) › inbox discard removes item from unreviewed filter" classname="capture-teacher.spec.ts" time="11.603">
<failure message="capture-teacher.spec.ts:241:7 inbox discard removes item from unreviewed filter" type="FAILURE">
<![CDATA[  [chromium] › capture-teacher.spec.ts:241:7 › Capture Bubble — Teacher Persona (Ms. Torres) › inbox discard removes item from unreviewed filter 

    Error: expect(locator).toBeVisible() failed

    Locator: getByTestId('capture-bubble')
    Expected: visible
    Timeout: 10000ms
    Error: element(s) not found

    Call log:
      - Expect "toBeVisible" with timeout 10000ms
      - waiting for getByTestId('capture-bubble')


      255 |     await page.goto('/');
      256 |     await page.waitForLoadState('networkidle');
    > 257 |     await expect(page.getByTestId('capture-bubble')).toBeVisible({
          |                                                      ^
      258 |       timeout: 10_000,
      259 |     });
      260 |
        at C:\Users\Steve\OneDrive\Desktop\Github Repos\ADHD-CADDI-V1\e2e\capture-teacher.spec.ts:257:54

    attachment #1: screenshot (image/png) ──────────────────────────────────────────────────────────
    ..\test-results\capture-teacher-Capture-Bu-ec3ac-item-from-unreviewed-filter-chromium\test-failed-1.png
    ────────────────────────────────────────────────────────────────────────────────────────────────
]]>
</failure>
<system-out>
<![CDATA[
[[ATTACHMENT|test-results\capture-teacher-Capture-Bu-ec3ac-item-from-unreviewed-filter-chromium\test-failed-1.png]]
]]>
</system-out>
</testcase>
<testcase name="Capture Bubble — Teacher Persona (Ms. Torres) › inbox filter tabs change displayed items" classname="capture-teacher.spec.ts" time="30.149">
<failure message="capture-teacher.spec.ts:282:7 inbox filter tabs change displayed items" type="FAILURE">
<![CDATA[  [chromium] › capture-teacher.spec.ts:282:7 › Capture Bubble — Teacher Persona (Ms. Torres) › inbox filter tabs change displayed items 

    Test timeout of 30000ms exceeded.

    Error: locator.press: Test timeout of 30000ms exceeded.
    Call log:
      - waiting for getByTestId('capture-bubble')


      311 |       await badge.click();
      312 |     } else {
    > 313 |       await page.getByTestId('capture-bubble').press('Enter');
          |                                                ^
      314 |     }
      315 |
      316 |     await expect(page.getByTestId('inbox-screen')).toBeVisible({
        at C:\Users\Steve\OneDrive\Desktop\Github Repos\ADHD-CADDI-V1\e2e\capture-teacher.spec.ts:313:48

    attachment #1: screenshot (image/png) ──────────────────────────────────────────────────────────
    ..\test-results\capture-teacher-Capture-Bu-9c3a3-tabs-change-displayed-items-chromium\test-failed-1.png
    ────────────────────────────────────────────────────────────────────────────────────────────────
]]>
</failure>
<system-out>
<![CDATA[
[[ATTACHMENT|test-results\capture-teacher-Capture-Bu-9c3a3-tabs-change-displayed-items-chromium\test-failed-1.png]]
]]>
</system-out>
</testcase>
<testcase name="Capture Bubble — Teacher Persona (Ms. Torres) › bubble is not visible inside Pomodoro modal" classname="capture-teacher.spec.ts" time="1.643">
<properties>
<property name="skip" value="">
</property>
</properties>
<skipped>
</skipped>
</testcase>
</testsuite>
<testsuite name="chat-flow.spec.ts" timestamp="2026-03-04T03:13:29.305Z" hostname="chromium" tests="2" failures="2" skipped="0" time="12.638" errors="0">
<testcase name="Chat Flow › send a message and show assistant response" classname="chat-flow.spec.ts" time="6.347">
<failure message="chat-flow.spec.ts:15:7 send a message and show assistant response" type="FAILURE">
<![CDATA[  [chromium] › chat-flow.spec.ts:15:7 › Chat Flow › send a message and show assistant response ─────

    Error: expect(locator).toBeVisible() failed

    Locator: getByTestId('home-title')
    Expected: visible
    Timeout: 5000ms
    Error: element(s) not found

    Call log:
      - Expect "toBeVisible" with timeout 5000ms
      - waiting for getByTestId('home-title')


       7 |     await enableCosmicTheme(page);
       8 |     await page.goto('/');
    >  9 |     await expect(page.getByTestId('home-title')).toBeVisible();
         |                                                  ^
      10 |     await page.getByTestId('nav-focus').click({ force: true });
      11 |     await page.getByText('CHAT', { exact: true }).click({ force: true });
      12 |     await expect(page.getByText('SPARK_ASSISTANT')).toBeVisible();
        at C:\Users\Steve\OneDrive\Desktop\Github Repos\ADHD-CADDI-V1\e2e\chat-flow.spec.ts:9:50

    attachment #1: screenshot (image/png) ──────────────────────────────────────────────────────────
    ..\test-results\chat-flow-Chat-Flow-send-a-87338-and-show-assistant-response-chromium\test-failed-1.png
    ────────────────────────────────────────────────────────────────────────────────────────────────
]]>
</failure>
<system-out>
<![CDATA[
[[ATTACHMENT|test-results\chat-flow-Chat-Flow-send-a-87338-and-show-assistant-response-chromium\test-failed-1.png]]
]]>
</system-out>
</testcase>
<testcase name="Chat Flow › remains usable when chat API fails" classname="chat-flow.spec.ts" time="6.291">
<failure message="chat-flow.spec.ts:31:7 remains usable when chat API fails" type="FAILURE">
<![CDATA[  [chromium] › chat-flow.spec.ts:31:7 › Chat Flow › remains usable when chat API fails ─────────────

    Error: expect(locator).toBeVisible() failed

    Locator: getByTestId('home-title')
    Expected: visible
    Timeout: 5000ms
    Error: element(s) not found

    Call log:
      - Expect "toBeVisible" with timeout 5000ms
      - waiting for getByTestId('home-title')


       7 |     await enableCosmicTheme(page);
       8 |     await page.goto('/');
    >  9 |     await expect(page.getByTestId('home-title')).toBeVisible();
         |                                                  ^
      10 |     await page.getByTestId('nav-focus').click({ force: true });
      11 |     await page.getByText('CHAT', { exact: true }).click({ force: true });
      12 |     await expect(page.getByText('SPARK_ASSISTANT')).toBeVisible();
        at C:\Users\Steve\OneDrive\Desktop\Github Repos\ADHD-CADDI-V1\e2e\chat-flow.spec.ts:9:50

    attachment #1: screenshot (image/png) ──────────────────────────────────────────────────────────
    ..\test-results\chat-flow-Chat-Flow-remains-usable-when-chat-API-fails-chromium\test-failed-1.png
    ────────────────────────────────────────────────────────────────────────────────────────────────
]]>
</failure>
<system-out>
<![CDATA[
[[ATTACHMENT|test-results\chat-flow-Chat-Flow-remains-usable-when-chat-API-fails-chromium\test-failed-1.png]]
]]>
</system-out>
</testcase>
</testsuite>
[...]
    Expected: visible
    Timeout: 5000ms
    Error: element(s) not found

    Call log:
      - Expect "toBeVisible" with timeout 5000ms
      - waiting for getByTestId('home-title')


      136 |     await seedAlexPersona(page);
      137 |     await page.goto("/");
    > 138 |     await expect(page.getByTestId("home-title")).toBeVisible();
          |                                                  ^
      139 |   });
      140 |
      141 |   for (const { id, verifyText } of MODE_CARDS) {
        at C:\Users\Steve\OneDrive\Desktop\Github Repos\ADHD-CADDI-V1\e2e\stability-suite.spec.ts:138:50

    attachment #1: screenshot (image/png) ──────────────────────────────────────────────────────────
    ..\test-results\stability-suite-Stability--fc973-utter-navigates-and-renders-chromium\test-failed-1.png
    ────────────────────────────────────────────────────────────────────────────────────────────────
]]>
</failure>
<system-out>
<![CDATA[
[[ATTACHMENT|test-results\stability-suite-Stability--fc973-utter-navigates-and-renders-chromium\test-failed-1.png]]
]]>
</system-out>
</testcase>
<testcase name="Stability — Mode Card Navigation › mode-pomodoro navigates and renders" classname="stability-suite.spec.ts" time="6.26">
<failure message="stability-suite.spec.ts:142:9 mode-pomodoro navigates and renders" type="FAILURE">
<![CDATA[  [chromium] › stability-suite.spec.ts:142:9 › Stability — Mode Card Navigation › mode-pomodoro navigates and renders 

    Error: expect(locator).toBeVisible() failed

    Locator: getByTestId('home-title')
    Expected: visible
    Timeout: 5000ms
    Error: element(s) not found

    Call log:
      - Expect "toBeVisible" with timeout 5000ms
      - waiting for getByTestId('home-title')


      136 |     await seedAlexPersona(page);
      137 |     await page.goto("/");
    > 138 |     await expect(page.getByTestId("home-title")).toBeVisible();
          |                                                  ^
      139 |   });
      140 |
      141 |   for (const { id, verifyText } of MODE_CARDS) {
        at C:\Users\Steve\OneDrive\Desktop\Github Repos\ADHD-CADDI-V1\e2e\stability-suite.spec.ts:138:50

    attachment #1: screenshot (image/png) ──────────────────────────────────────────────────────────
    ..\test-results\stability-suite-Stability--66707-odoro-navigates-and-renders-chromium\test-failed-1.png
    ────────────────────────────────────────────────────────────────────────────────────────────────
]]>
</failure>
<system-out>
<![CDATA[
[[ATTACHMENT|test-results\stability-suite-Stability--66707-odoro-navigates-and-renders-chromium\test-failed-1.png]]
]]>
</system-out>
</testcase>
<testcase name="Stability — Mode Card Navigation › mode-anchor navigates and renders" classname="stability-suite.spec.ts" time="6.121">
<failure message="stability-suite.spec.ts:142:9 mode-anchor navigates and renders" type="FAILURE">
<![CDATA[  [chromium] › stability-suite.spec.ts:142:9 › Stability — Mode Card Navigation › mode-anchor navigates and renders 

    Error: expect(locator).toBeVisible() failed

    Locator: getByTestId('home-title')
    Expected: visible
    Timeout: 5000ms
    Error: element(s) not found

    Call log:
      - Expect "toBeVisible" with timeout 5000ms
      - waiting for getByTestId('home-title')


      136 |     await seedAlexPersona(page);
      137 |     await page.goto("/");
    > 138 |     await expect(page.getByTestId("home-title")).toBeVisible();
          |                                                  ^
      139 |   });
      140 |
      141 |   for (const { id, verifyText } of MODE_CARDS) {
        at C:\Users\Steve\OneDrive\Desktop\Github Repos\ADHD-CADDI-V1\e2e\stability-suite.spec.ts:138:50

    attachment #1: screenshot (image/png) ──────────────────────────────────────────────────────────
    ..\test-results\stability-suite-Stability--08234-nchor-navigates-and-renders-chromium\test-failed-1.png
    ────────────────────────────────────────────────────────────────────────────────────────────────
]]>
</failure>
<system-out>
<![CDATA[
[[ATTACHMENT|test-results\stability-suite-Stability--08234-nchor-navigates-and-renders-chromium\test-failed-1.png]]
]]>
</system-out>
</testcase>
<testcase name="Stability — Mode Card Navigation › mode-checkin navigates and renders" classname="stability-suite.spec.ts" time="6.212">
<failure message="stability-suite.spec.ts:142:9 mode-checkin navigates and renders" type="FAILURE">
<![CDATA[  [chromium] › stability-suite.spec.ts:142:9 › Stability — Mode Card Navigation › mode-checkin navigates and renders 

    Error: expect(locator).toBeVisible() failed

    Locator: getByTestId('home-title')
    Expected: visible
    Timeout: 5000ms
    Error: element(s) not found

    Call log:
      - Expect "toBeVisible" with timeout 5000ms
      - waiting for getByTestId('home-title')


      136 |     await seedAlexPersona(page);
      137 |     await page.goto("/");
    > 138 |     await expect(page.getByTestId("home-title")).toBeVisible();
          |                                                  ^
      139 |   });
      140 |
      141 |   for (const { id, verifyText } of MODE_CARDS) {
        at C:\Users\Steve\OneDrive\Desktop\Github Repos\ADHD-CADDI-V1\e2e\stability-suite.spec.ts:138:50

    attachment #1: screenshot (image/png) ──────────────────────────────────────────────────────────
    ..\test-results\stability-suite-Stability--c7cd9-eckin-navigates-and-renders-chromium\test-failed-1.png
    ────────────────────────────────────────────────────────────────────────────────────────────────
]]>
</failure>
<system-out>
<![CDATA[
[[ATTACHMENT|test-results\stability-suite-Stability--c7cd9-eckin-navigates-and-renders-chromium\test-failed-1.png]]
]]>
</system-out>
</testcase>
<testcase name="Stability — Mode Card Navigation › mode-cbtguide navigates and renders" classname="stability-suite.spec.ts" time="6.474">
<failure message="stability-suite.spec.ts:142:9 mode-cbtguide navigates and renders" type="FAILURE">
<![CDATA[  [chromium] › stability-suite.spec.ts:142:9 › Stability — Mode Card Navigation › mode-cbtguide navigates and renders 

    Error: expect(locator).toBeVisible() failed

    Locator: getByTestId('home-title')
    Expected: visible
    Timeout: 5000ms
    Error: element(s) not found

    Call log:
      - Expect "toBeVisible" with timeout 5000ms
      - waiting for getByTestId('home-title')


      136 |     await seedAlexPersona(page);
      137 |     await page.goto("/");
    > 138 |     await expect(page.getByTestId("home-title")).toBeVisible();
          |                                                  ^
      139 |   });
      140 |
      141 |   for (const { id, verifyText } of MODE_CARDS) {
        at C:\Users\Steve\OneDrive\Desktop\Github Repos\ADHD-CADDI-V1\e2e\stability-suite.spec.ts:138:50

    attachment #1: screenshot (image/png) ──────────────────────────────────────────────────────────
    ..\test-results\stability-suite-Stability--68484-guide-navigates-and-renders-chromium\test-failed-1.png
    ────────────────────────────────────────────────────────────────────────────────────────────────
]]>
</failure>
<system-out>
<![CDATA[
[[ATTACHMENT|test-results\stability-suite-Stability--68484-guide-navigates-and-renders-chromium\test-failed-1.png]]
]]>
</system-out>
</testcase>
<testcase name="Stability — Theme Persistence › cosmic theme survives page reload" classname="stability-suite.spec.ts" time="6.459">
<failure message="stability-suite.spec.ts:154:7 cosmic theme survives page reload" type="FAILURE">
<![CDATA[  [chromium] › stability-suite.spec.ts:154:7 › Stability — Theme Persistence › cosmic theme survives page reload 

    Error: expect(locator).toBeVisible() failed

    Locator: getByTestId('home-title')
    Expected: visible
    Timeout: 5000ms
    Error: element(s) not found

    Call log:
      - Expect "toBeVisible" with timeout 5000ms
      - waiting for getByTestId('home-title')


      156 |     await enableCosmicTheme(page);
      157 |     await page.goto("/");
    > 158 |     await expect(page.getByTestId("home-title")).toBeVisible();
          |                                                  ^
      159 |
      160 |     // Reload
      161 |     await page.reload();
        at C:\Users\Steve\OneDrive\Desktop\Github Repos\ADHD-CADDI-V1\e2e\stability-suite.spec.ts:158:50

    attachment #1: screenshot (image/png) ──────────────────────────────────────────────────────────
    ..\test-results\stability-suite-Stability--d7744--theme-survives-page-reload-chromium\test-failed-1.png
    ────────────────────────────────────────────────────────────────────────────────────────────────
]]>
</failure>
<system-out>
<![CDATA[
[[ATTACHMENT|test-results\stability-suite-Stability--d7744--theme-survives-page-reload-chromium\test-failed-1.png]]
]]>
</system-out>
</testcase>
<testcase name="Stability — Theme Persistence › phantom theme migrates to cosmic" classname="stability-suite.spec.ts" time="6.78">
<failure message="stability-suite.spec.ts:171:7 phantom theme migrates to cosmic" type="FAILURE">
<![CDATA[  [chromium] › stability-suite.spec.ts:171:7 › Stability — Theme Persistence › phantom theme migrates to cosmic 

    Error: expect(locator).toBeVisible() failed

    Locator: getByTestId('home-title')
    Expected: visible
    Timeout: 5000ms
    Error: element(s) not found

    Call log:
      - Expect "toBeVisible" with timeout 5000ms
      - waiting for getByTestId('home-title')


      176 |     });
      177 |     await page.goto("/");
    > 178 |     await expect(page.getByTestId("home-title")).toBeVisible();
          |                                                  ^
      179 |
      180 |     // App should not crash - it should gracefully handle phantom
      181 |     await goToTab(page, "tasks");
        at C:\Users\Steve\OneDrive\Desktop\Github Repos\ADHD-CADDI-V1\e2e\stability-suite.spec.ts:178:50

    attachment #1: screenshot (image/png) ──────────────────────────────────────────────────────────
    ..\test-results\stability-suite-Stability--20b5c-om-theme-migrates-to-cosmic-chromium\test-failed-1.png
    ────────────────────────────────────────────────────────────────────────────────────────────────
]]>
</failure>
<system-out>
<![CDATA[
[[ATTACHMENT|test-results\stability-suite-Stability--20b5c-om-theme-migrates-to-cosmic-chromium\test-failed-1.png]]
]]>
</system-out>
</testcase>
<testcase name="Stability — Animation Safety › no delay TypeError during tab navigation" classname="stability-suite.spec.ts" time="6.255">
<failure message="stability-suite.spec.ts:191:7 no delay TypeError during tab navigation" type="FAILURE">
<![CDATA[  [chromium] › stability-suite.spec.ts:191:7 › Stability — Animation Safety › no delay TypeError during tab navigation 

    Error: expect(locator).toBeVisible() failed

    Locator: getByTestId('home-title')
    Expected: visible
    Timeout: 5000ms
    Error: element(s) not found

    Call log:
      - Expect "toBeVisible" with timeout 5000ms
      - waiting for getByTestId('home-title')


      202 |     await seedAlexPersona(page);
      203 |     await page.goto("/");
    > 204 |     await expect(page.getByTestId("home-title")).toBeVisible();
          |                                                  ^
      205 |
      206 |     // Navigate through all tabs
      207 |     for (const tab of TABS) {
        at C:\Users\Steve\OneDrive\Desktop\Github Repos\ADHD-CADDI-V1\e2e\stability-suite.spec.ts:204:50

    attachment #1: screenshot (image/png) ──────────────────────────────────────────────────────────
    ..\test-results\stability-suite-Stability--61f87-Error-during-tab-navigation-chromium\test-failed-1.png
    ────────────────────────────────────────────────────────────────────────────────────────────────
]]>
</failure>
<system-out>
<![CDATA[
[[ATTACHMENT|test-results\stability-suite-Stability--61f87-Error-during-tab-navigation-chromium\test-failed-1.png]]
]]>
</system-out>
</testcase>
<testcase name="Stability — Animation Safety › no animation crash when navigating mode cards" classname="stability-suite.spec.ts" time="6.164">
<failure message="stability-suite.spec.ts:215:7 no animation crash when navigating mode cards" type="FAILURE">
<![CDATA[  [chromium] › stability-suite.spec.ts:215:7 › Stability — Animation Safety › no animation crash when navigating mode cards 

    Error: expect(locator).toBeVisible() failed

    Locator: getByTestId('home-title')
    Expected: visible
    Timeout: 5000ms
    Error: element(s) not found

    Call log:
      - Expect "toBeVisible" with timeout 5000ms
      - waiting for getByTestId('home-title')


      222 |     await seedAlexPersona(page);
      223 |     await page.goto("/");
    > 224 |     await expect(page.getByTestId("home-title")).toBeVisible();
          |                                                  ^
      225 |
      226 |     // Navigate to each mode card
      227 |     for (const { id } of MODE_CARDS) {
        at C:\Users\Steve\OneDrive\Desktop\Github Repos\ADHD-CADDI-V1\e2e\stability-suite.spec.ts:224:50

    attachment #1: screenshot (image/png) ──────────────────────────────────────────────────────────
    ..\test-results\stability-suite-Stability--c4628--when-navigating-mode-cards-chromium\test-failed-1.png
    ────────────────────────────────────────────────────────────────────────────────────────────────
]]>
</failure>
<system-out>
<![CDATA[
[[ATTACHMENT|test-results\stability-suite-Stability--c4628--when-navigating-mode-cards-chromium\test-failed-1.png]]
]]>
</system-out>
</testcase>
<testcase name="Stability — Deep Navigation › navigate mode → home → different mode" classname="stability-suite.spec.ts" time="6.249">
<failure message="stability-suite.spec.ts:253:7 navigate mode → home → different mode" type="FAILURE">
<![CDATA[  [chromium] › stability-suite.spec.ts:253:7 › Stability — Deep Navigation › navigate mode → home → different mode 

    Error: expect(locator).toBeVisible() failed

    Locator: getByTestId('home-title')
    Expected: visible
    Timeout: 5000ms
    Error: element(s) not found

    Call log:
      - Expect "toBeVisible" with timeout 5000ms
      - waiting for getByTestId('home-title')


      248 |     await seedAlexPersona(page);
      249 |     await page.goto("/");
    > 250 |     await expect(page.getByTestId("home-title")).toBeVisible();
          |                                                  ^
      251 |   });
      252 |
      253 |   test("navigate mode → home → different mode", async ({ page }) => {
        at C:\Users\Steve\OneDrive\Desktop\Github Repos\ADHD-CADDI-V1\e2e\stability-suite.spec.ts:250:50

    attachment #1: screenshot (image/png) ──────────────────────────────────────────────────────────
    ..\test-results\stability-suite-Stability--3bc51-ode-→-home-→-different-mode-chromium\test-failed-1.png
    ────────────────────────────────────────────────────────────────────────────────────────────────
]]>
</failure>
<system-out>
<![CDATA[
[[ATTACHMENT|test-results\stability-suite-Stability--3bc51-ode-→-home-→-different-mode-chromium\test-failed-1.png]]
]]>
</system-out>
</testcase>
<testcase name="Stability — Deep Navigation › rapid tab → mode → tab cycling stability" classname="stability-suite.spec.ts" time="7.091">
<failure message="stability-suite.spec.ts:279:7 rapid tab → mode → tab cycling stability" type="FAILURE">
<![CDATA[  [chromium] › stability-suite.spec.ts:279:7 › Stability — Deep Navigation › rapid tab → mode → tab cycling stability 

    Error: expect(locator).toBeVisible() failed

    Locator: getByTestId('home-title')
    Expected: visible
    Timeout: 5000ms
    Error: element(s) not found

    Call log:
      - Expect "toBeVisible" with timeout 5000ms
      - waiting for getByTestId('home-title')


      248 |     await seedAlexPersona(page);
      249 |     await page.goto("/");
    > 250 |     await expect(page.getByTestId("home-title")).toBeVisible();
          |                                                  ^
      251 |   });
      252 |
      253 |   test("navigate mode → home → different mode", async ({ page }) => {
        at C:\Users\Steve\OneDrive\Desktop\Github Repos\ADHD-CADDI-V1\e2e\stability-suite.spec.ts:250:50

    attachment #1: screenshot (image/png) ──────────────────────────────────────────────────────────
    ..\test-results\stability-suite-Stability--72494-ode-→-tab-cycling-stability-chromium\test-failed-1.png
    ────────────────────────────────────────────────────────────────────────────────────────────────
]]>
</failure>
<system-out>
<![CDATA[
[[ATTACHMENT|test-results\stability-suite-Stability--72494-ode-→-tab-cycling-stability-chromium\test-failed-1.png]]
]]>
</system-out>
</testcase>
<testcase name="Stability — DOM Node Leak Check › DOM node count stays reasonable during navigation" classname="stability-suite.spec.ts" time="6.628">
<failure message="stability-suite.spec.ts:304:7 DOM node count stays reasonable during navigation" type="FAILURE">
<![CDATA[  [chromium] › stability-suite.spec.ts:304:7 › Stability — DOM Node Leak Check › DOM node count stays reasonable during navigation 

    Error: expect(locator).toBeVisible() failed

    Locator: getByTestId('home-title')
    Expected: visible
    Timeout: 5000ms
    Error: element(s) not found

    Call log:
      - Expect "toBeVisible" with timeout 5000ms
      - waiting for getByTestId('home-title')


      309 |     await seedAlexPersona(page);
      310 |     await page.goto("/");
    > 311 |     await expect(page.getByTestId("home-title")).toBeVisible();
          |                                                  ^
      312 |
      313 |     const initialCount = await page.evaluate(
      314 |       () => document.querySelectorAll("*").length,
        at C:\Users\Steve\OneDrive\Desktop\Github Repos\ADHD-CADDI-V1\e2e\stability-suite.spec.ts:311:50

    attachment #1: screenshot (image/png) ──────────────────────────────────────────────────────────
    ..\test-results\stability-suite-Stability--bdf05-easonable-during-navigation-chromium\test-failed-1.png
    ────────────────────────────────────────────────────────────────────────────────────────────────
]]>
</failure>
<system-out>
<![CDATA[
[[ATTACHMENT|test-results\stability-suite-Stability--bdf05-easonable-during-navigation-chromium\test-failed-1.png]]
]]>
</system-out>
</testcase>
<testcase name="Stability — Console Error Sweep › zero critical console errors across full app navigation" classname="stability-suite.spec.ts" time="6.673">
<failure message="stability-suite.spec.ts:339:7 zero critical console errors across full app navigation" type="FAILURE">
<![CDATA[  [chromium] › stability-suite.spec.ts:339:7 › Stability — Console Error Sweep › zero critical console errors across full app navigation 

    Error: expect(locator).toBeVisible() failed

    Locator: getByTestId('home-title')
    Expected: visible
    Timeout: 5000ms
    Error: element(s) not found

    Call log:
      - Expect "toBeVisible" with timeout 5000ms
      - waiting for getByTestId('home-title')


      358 |     await seedAlexPersona(page);
      359 |     await page.goto("/");
    > 360 |     await expect(page.getByTestId("home-title")).toBeVisible();
          |                                                  ^
      361 |
      362 |     // Navigate all tabs
      363 |     for (const tab of TABS) {
        at C:\Users\Steve\OneDrive\Desktop\Github Repos\ADHD-CADDI-V1\e2e\stability-suite.spec.ts:360:50

    attachment #1: screenshot (image/png) ──────────────────────────────────────────────────────────
    ..\test-results\stability-suite-Stability--d7ed5--across-full-app-navigation-chromium\test-failed-1.png
    ────────────────────────────────────────────────────────────────────────────────────────────────
]]>
</failure>
<system-out>
<![CDATA[
[[ATTACHMENT|test-results\stability-suite-Stability--d7ed5--across-full-app-navigation-chromium\test-failed-1.png]]
]]>
</system-out>
</testcase>
</testsuite>
</testsuites>